{"/home/alejandro/dev/quvis-web/src/App.tsx": {"path":"/home/alejandro/dev/quvis-web/src/App.tsx","all":true,"statementMap":{"0":{"start":{"line":1,"column":0},"end":{"line":1,"column":59}},"1":{"start":{"line":2,"column":0},"end":{"line":2,"column":58}},"2":{"start":{"line":3,"column":0},"end":{"line":3,"column":60}},"3":{"start":{"line":4,"column":0},"end":{"line":4,"column":68}},"4":{"start":{"line":5,"column":0},"end":{"line":5,"column":60}},"5":{"start":{"line":6,"column":0},"end":{"line":6,"column":62}},"6":{"start":{"line":7,"column":0},"end":{"line":7,"column":46}},"7":{"start":{"line":8,"column":0},"end":{"line":8,"column":64}},"8":{"start":{"line":9,"column":0},"end":{"line":9,"column":64}},"9":{"start":{"line":10,"column":0},"end":{"line":10,"column":64}},"10":{"start":{"line":11,"column":0},"end":{"line":11,"column":82}},"11":{"start":{"line":12,"column":0},"end":{"line":12,"column":24}},"12":{"start":{"line":13,"column":0},"end":{"line":13,"column":64}},"13":{"start":{"line":14,"column":0},"end":{"line":14,"column":50}},"14":{"start":{"line":15,"column":0},"end":{"line":15,"column":43}},"16":{"start":{"line":17,"column":0},"end":{"line":17,"column":30}},"17":{"start":{"line":18,"column":0},"end":{"line":18,"column":34}},"18":{"start":{"line":19,"column":0},"end":{"line":19,"column":44}},"19":{"start":{"line":20,"column":0},"end":{"line":20,"column":35}},"20":{"start":{"line":21,"column":0},"end":{"line":21,"column":42}},"22":{"start":{"line":23,"column":0},"end":{"line":23,"column":40}},"23":{"start":{"line":24,"column":0},"end":{"line":24,"column":48}},"24":{"start":{"line":25,"column":0},"end":{"line":25,"column":67}},"25":{"start":{"line":26,"column":0},"end":{"line":26,"column":43}},"26":{"start":{"line":27,"column":0},"end":{"line":27,"column":43}},"27":{"start":{"line":28,"column":0},"end":{"line":28,"column":38}},"28":{"start":{"line":29,"column":0},"end":{"line":29,"column":46}},"29":{"start":{"line":30,"column":0},"end":{"line":30,"column":29}},"30":{"start":{"line":31,"column":0},"end":{"line":31,"column":36}},"31":{"start":{"line":32,"column":0},"end":{"line":32,"column":44}},"32":{"start":{"line":33,"column":0},"end":{"line":33,"column":63}},"35":{"start":{"line":36,"column":0},"end":{"line":36,"column":38}},"36":{"start":{"line":37,"column":0},"end":{"line":37,"column":46}},"37":{"start":{"line":38,"column":0},"end":{"line":38,"column":65}},"38":{"start":{"line":39,"column":0},"end":{"line":39,"column":41}},"39":{"start":{"line":40,"column":0},"end":{"line":40,"column":41}},"40":{"start":{"line":41,"column":0},"end":{"line":41,"column":38}},"41":{"start":{"line":42,"column":0},"end":{"line":42,"column":44}},"42":{"start":{"line":43,"column":0},"end":{"line":43,"column":29}},"43":{"start":{"line":44,"column":0},"end":{"line":44,"column":34}},"44":{"start":{"line":45,"column":0},"end":{"line":45,"column":42}},"45":{"start":{"line":46,"column":0},"end":{"line":46,"column":63}},"47":{"start":{"line":48,"column":0},"end":{"line":48,"column":29}},"48":{"start":{"line":49,"column":0},"end":{"line":49,"column":50}},"49":{"start":{"line":50,"column":0},"end":{"line":50,"column":58}},"52":{"start":{"line":53,"column":0},"end":{"line":53,"column":54}},"55":{"start":{"line":56,"column":0},"end":{"line":56,"column":80}},"57":{"start":{"line":58,"column":0},"end":{"line":58,"column":63}},"59":{"start":{"line":60,"column":0},"end":{"line":60,"column":18}},"62":{"start":{"line":63,"column":0},"end":{"line":63,"column":66}},"63":{"start":{"line":64,"column":0},"end":{"line":64,"column":72}},"64":{"start":{"line":65,"column":0},"end":{"line":65,"column":74}},"65":{"start":{"line":66,"column":0},"end":{"line":66,"column":61}},"66":{"start":{"line":67,"column":0},"end":{"line":67,"column":33}},"67":{"start":{"line":68,"column":0},"end":{"line":68,"column":65}},"68":{"start":{"line":69,"column":0},"end":{"line":69,"column":33}},"71":{"start":{"line":72,"column":0},"end":{"line":72,"column":64}},"72":{"start":{"line":73,"column":0},"end":{"line":73,"column":23}},"73":{"start":{"line":74,"column":0},"end":{"line":74,"column":34}},"74":{"start":{"line":75,"column":0},"end":{"line":75,"column":27}},"75":{"start":{"line":76,"column":0},"end":{"line":76,"column":24}},"76":{"start":{"line":77,"column":0},"end":{"line":77,"column":34}},"77":{"start":{"line":78,"column":0},"end":{"line":78,"column":36}},"78":{"start":{"line":79,"column":0},"end":{"line":79,"column":7}},"81":{"start":{"line":82,"column":0},"end":{"line":82,"column":56}},"82":{"start":{"line":83,"column":0},"end":{"line":83,"column":24}},"83":{"start":{"line":84,"column":0},"end":{"line":84,"column":27}},"84":{"start":{"line":85,"column":0},"end":{"line":85,"column":24}},"85":{"start":{"line":86,"column":0},"end":{"line":86,"column":27}},"86":{"start":{"line":87,"column":0},"end":{"line":87,"column":7}},"89":{"start":{"line":90,"column":0},"end":{"line":90,"column":72}},"92":{"start":{"line":93,"column":0},"end":{"line":93,"column":76}},"93":{"start":{"line":94,"column":0},"end":{"line":94,"column":27}},"94":{"start":{"line":95,"column":0},"end":{"line":95,"column":27}},"95":{"start":{"line":96,"column":0},"end":{"line":96,"column":7}},"98":{"start":{"line":99,"column":0},"end":{"line":99,"column":64}},"99":{"start":{"line":100,"column":0},"end":{"line":100,"column":61}},"100":{"start":{"line":101,"column":0},"end":{"line":101,"column":48}},"101":{"start":{"line":102,"column":0},"end":{"line":102,"column":48}},"104":{"start":{"line":105,"column":0},"end":{"line":105,"column":78}},"105":{"start":{"line":106,"column":0},"end":{"line":106,"column":70}},"106":{"start":{"line":107,"column":0},"end":{"line":107,"column":74}},"109":{"start":{"line":110,"column":0},"end":{"line":110,"column":54}},"110":{"start":{"line":111,"column":0},"end":{"line":111,"column":81}},"113":{"start":{"line":114,"column":0},"end":{"line":114,"column":38}},"114":{"start":{"line":115,"column":0},"end":{"line":115,"column":52}},"117":{"start":{"line":118,"column":0},"end":{"line":118,"column":57}},"119":{"start":{"line":120,"column":0},"end":{"line":120,"column":44}},"120":{"start":{"line":121,"column":0},"end":{"line":121,"column":57}},"121":{"start":{"line":122,"column":0},"end":{"line":122,"column":33}},"122":{"start":{"line":123,"column":0},"end":{"line":123,"column":6}},"124":{"start":{"line":125,"column":0},"end":{"line":125,"column":40}},"125":{"start":{"line":126,"column":0},"end":{"line":126,"column":49}},"126":{"start":{"line":127,"column":0},"end":{"line":127,"column":6}},"128":{"start":{"line":129,"column":0},"end":{"line":129,"column":42}},"129":{"start":{"line":130,"column":0},"end":{"line":130,"column":53}},"130":{"start":{"line":131,"column":0},"end":{"line":131,"column":6}},"132":{"start":{"line":133,"column":0},"end":{"line":133,"column":66}},"133":{"start":{"line":134,"column":0},"end":{"line":134,"column":63}},"134":{"start":{"line":135,"column":0},"end":{"line":135,"column":6}},"136":{"start":{"line":137,"column":0},"end":{"line":137,"column":69}},"137":{"start":{"line":138,"column":0},"end":{"line":138,"column":66}},"138":{"start":{"line":139,"column":0},"end":{"line":139,"column":6}},"141":{"start":{"line":142,"column":0},"end":{"line":142,"column":58}},"142":{"start":{"line":143,"column":0},"end":{"line":143,"column":27}},"143":{"start":{"line":144,"column":0},"end":{"line":144,"column":40}},"145":{"start":{"line":146,"column":0},"end":{"line":146,"column":36}},"146":{"start":{"line":147,"column":0},"end":{"line":147,"column":44}},"147":{"start":{"line":148,"column":0},"end":{"line":148,"column":41}},"148":{"start":{"line":149,"column":0},"end":{"line":149,"column":9}},"149":{"start":{"line":150,"column":0},"end":{"line":150,"column":42}},"150":{"start":{"line":151,"column":0},"end":{"line":151,"column":40}},"151":{"start":{"line":152,"column":0},"end":{"line":152,"column":47}},"152":{"start":{"line":153,"column":0},"end":{"line":153,"column":53}},"153":{"start":{"line":154,"column":0},"end":{"line":154,"column":32}},"154":{"start":{"line":155,"column":0},"end":{"line":155,"column":6}},"157":{"start":{"line":158,"column":0},"end":{"line":158,"column":32}},"158":{"start":{"line":159,"column":0},"end":{"line":159,"column":27}},"159":{"start":{"line":160,"column":0},"end":{"line":160,"column":34}},"160":{"start":{"line":161,"column":0},"end":{"line":161,"column":10}},"161":{"start":{"line":162,"column":0},"end":{"line":162,"column":69}},"162":{"start":{"line":163,"column":0},"end":{"line":163,"column":86}},"163":{"start":{"line":164,"column":0},"end":{"line":164,"column":48}},"164":{"start":{"line":165,"column":0},"end":{"line":165,"column":39}},"165":{"start":{"line":166,"column":0},"end":{"line":166,"column":28}},"166":{"start":{"line":167,"column":0},"end":{"line":167,"column":6}},"169":{"start":{"line":170,"column":0},"end":{"line":170,"column":32}},"170":{"start":{"line":171,"column":0},"end":{"line":171,"column":30}},"171":{"start":{"line":172,"column":0},"end":{"line":172,"column":37}},"172":{"start":{"line":173,"column":0},"end":{"line":173,"column":10}},"173":{"start":{"line":174,"column":0},"end":{"line":174,"column":20}},"174":{"start":{"line":175,"column":0},"end":{"line":175,"column":115}},"175":{"start":{"line":176,"column":0},"end":{"line":176,"column":10}},"176":{"start":{"line":177,"column":0},"end":{"line":177,"column":43}},"177":{"start":{"line":178,"column":0},"end":{"line":178,"column":68}},"178":{"start":{"line":179,"column":0},"end":{"line":179,"column":51}},"181":{"start":{"line":182,"column":0},"end":{"line":182,"column":52}},"182":{"start":{"line":183,"column":0},"end":{"line":183,"column":6}},"184":{"start":{"line":185,"column":0},"end":{"line":185,"column":63}},"185":{"start":{"line":186,"column":0},"end":{"line":186,"column":19}},"186":{"start":{"line":187,"column":0},"end":{"line":187,"column":47}},"187":{"start":{"line":188,"column":0},"end":{"line":188,"column":16}},"188":{"start":{"line":189,"column":0},"end":{"line":189,"column":59}},"189":{"start":{"line":190,"column":0},"end":{"line":190,"column":59}},"190":{"start":{"line":191,"column":0},"end":{"line":191,"column":58}},"191":{"start":{"line":192,"column":0},"end":{"line":192,"column":15}},"192":{"start":{"line":193,"column":0},"end":{"line":193,"column":77}},"193":{"start":{"line":194,"column":0},"end":{"line":194,"column":84}},"195":{"start":{"line":196,"column":0},"end":{"line":196,"column":32}},"197":{"start":{"line":198,"column":0},"end":{"line":198,"column":77}},"198":{"start":{"line":199,"column":0},"end":{"line":199,"column":84}},"200":{"start":{"line":201,"column":0},"end":{"line":201,"column":50}},"201":{"start":{"line":202,"column":0},"end":{"line":202,"column":73}},"202":{"start":{"line":203,"column":0},"end":{"line":203,"column":17}},"203":{"start":{"line":204,"column":0},"end":{"line":204,"column":40}},"204":{"start":{"line":205,"column":0},"end":{"line":205,"column":49}},"205":{"start":{"line":206,"column":0},"end":{"line":206,"column":13}},"206":{"start":{"line":207,"column":0},"end":{"line":207,"column":39}},"207":{"start":{"line":208,"column":0},"end":{"line":208,"column":32}},"208":{"start":{"line":209,"column":0},"end":{"line":209,"column":32}},"209":{"start":{"line":210,"column":0},"end":{"line":210,"column":36}},"210":{"start":{"line":211,"column":0},"end":{"line":211,"column":16}},"211":{"start":{"line":212,"column":0},"end":{"line":212,"column":37}},"212":{"start":{"line":213,"column":0},"end":{"line":213,"column":9}},"213":{"start":{"line":214,"column":0},"end":{"line":214,"column":6}},"215":{"start":{"line":216,"column":0},"end":{"line":216,"column":21}},"216":{"start":{"line":217,"column":0},"end":{"line":217,"column":57}},"217":{"start":{"line":218,"column":0},"end":{"line":218,"column":61}},"218":{"start":{"line":219,"column":0},"end":{"line":219,"column":52}},"219":{"start":{"line":220,"column":0},"end":{"line":220,"column":57}},"220":{"start":{"line":221,"column":0},"end":{"line":221,"column":48}},"221":{"start":{"line":222,"column":0},"end":{"line":222,"column":23}},"222":{"start":{"line":223,"column":0},"end":{"line":223,"column":41}},"223":{"start":{"line":224,"column":0},"end":{"line":224,"column":42}},"224":{"start":{"line":225,"column":0},"end":{"line":225,"column":36}},"225":{"start":{"line":226,"column":0},"end":{"line":226,"column":15}},"226":{"start":{"line":227,"column":0},"end":{"line":227,"column":39}},"227":{"start":{"line":228,"column":0},"end":{"line":228,"column":34}},"228":{"start":{"line":229,"column":0},"end":{"line":229,"column":13}},"229":{"start":{"line":230,"column":0},"end":{"line":230,"column":10}},"231":{"start":{"line":232,"column":0},"end":{"line":232,"column":58}},"232":{"start":{"line":233,"column":0},"end":{"line":233,"column":22}},"233":{"start":{"line":234,"column":0},"end":{"line":234,"column":65}},"234":{"start":{"line":235,"column":0},"end":{"line":235,"column":10}},"235":{"start":{"line":236,"column":0},"end":{"line":236,"column":52}},"237":{"start":{"line":238,"column":0},"end":{"line":238,"column":21}},"238":{"start":{"line":239,"column":0},"end":{"line":239,"column":53}},"239":{"start":{"line":240,"column":0},"end":{"line":240,"column":19}},"240":{"start":{"line":241,"column":0},"end":{"line":241,"column":9}},"242":{"start":{"line":243,"column":0},"end":{"line":243,"column":49}},"243":{"start":{"line":244,"column":0},"end":{"line":244,"column":51}},"244":{"start":{"line":245,"column":0},"end":{"line":245,"column":19}},"245":{"start":{"line":246,"column":0},"end":{"line":246,"column":9}},"247":{"start":{"line":248,"column":0},"end":{"line":248,"column":42}},"249":{"start":{"line":250,"column":0},"end":{"line":250,"column":52}},"250":{"start":{"line":251,"column":0},"end":{"line":251,"column":45}},"251":{"start":{"line":252,"column":0},"end":{"line":252,"column":48}},"252":{"start":{"line":253,"column":0},"end":{"line":253,"column":44}},"253":{"start":{"line":254,"column":0},"end":{"line":254,"column":69}},"254":{"start":{"line":255,"column":0},"end":{"line":255,"column":17}},"255":{"start":{"line":256,"column":0},"end":{"line":256,"column":13}},"256":{"start":{"line":257,"column":0},"end":{"line":257,"column":33}},"258":{"start":{"line":259,"column":0},"end":{"line":259,"column":43}},"259":{"start":{"line":260,"column":0},"end":{"line":260,"column":8}},"260":{"start":{"line":261,"column":0},"end":{"line":261,"column":18}},"261":{"start":{"line":262,"column":0},"end":{"line":262,"column":26}},"262":{"start":{"line":263,"column":0},"end":{"line":263,"column":22}},"263":{"start":{"line":264,"column":0},"end":{"line":264,"column":22}},"264":{"start":{"line":265,"column":0},"end":{"line":265,"column":32}},"265":{"start":{"line":266,"column":0},"end":{"line":266,"column":7}},"267":{"start":{"line":268,"column":0},"end":{"line":268,"column":21}},"268":{"start":{"line":269,"column":0},"end":{"line":269,"column":50}},"269":{"start":{"line":270,"column":0},"end":{"line":270,"column":41}},"271":{"start":{"line":272,"column":0},"end":{"line":272,"column":58}},"272":{"start":{"line":273,"column":0},"end":{"line":273,"column":37}},"273":{"start":{"line":274,"column":0},"end":{"line":274,"column":36}},"274":{"start":{"line":275,"column":0},"end":{"line":275,"column":38}},"275":{"start":{"line":276,"column":0},"end":{"line":276,"column":39}},"276":{"start":{"line":277,"column":0},"end":{"line":277,"column":40}},"277":{"start":{"line":278,"column":0},"end":{"line":278,"column":39}},"278":{"start":{"line":279,"column":0},"end":{"line":279,"column":18}},"279":{"start":{"line":280,"column":0},"end":{"line":280,"column":59}},"280":{"start":{"line":281,"column":0},"end":{"line":281,"column":49}},"281":{"start":{"line":282,"column":0},"end":{"line":282,"column":45}},"283":{"start":{"line":284,"column":0},"end":{"line":284,"column":38}},"284":{"start":{"line":285,"column":0},"end":{"line":285,"column":67}},"285":{"start":{"line":286,"column":0},"end":{"line":286,"column":40}},"286":{"start":{"line":287,"column":0},"end":{"line":287,"column":70}},"287":{"start":{"line":288,"column":0},"end":{"line":288,"column":75}},"288":{"start":{"line":289,"column":0},"end":{"line":289,"column":65}},"289":{"start":{"line":290,"column":0},"end":{"line":290,"column":39}},"290":{"start":{"line":291,"column":0},"end":{"line":291,"column":66}},"291":{"start":{"line":292,"column":0},"end":{"line":292,"column":42}},"292":{"start":{"line":293,"column":0},"end":{"line":293,"column":69}},"293":{"start":{"line":294,"column":0},"end":{"line":294,"column":19}},"294":{"start":{"line":295,"column":0},"end":{"line":295,"column":34}},"295":{"start":{"line":296,"column":0},"end":{"line":296,"column":69}},"296":{"start":{"line":297,"column":0},"end":{"line":297,"column":75}},"297":{"start":{"line":298,"column":0},"end":{"line":298,"column":69}},"298":{"start":{"line":299,"column":0},"end":{"line":299,"column":75}},"299":{"start":{"line":300,"column":0},"end":{"line":300,"column":19}},"300":{"start":{"line":301,"column":0},"end":{"line":301,"column":77}},"301":{"start":{"line":302,"column":0},"end":{"line":302,"column":44}},"302":{"start":{"line":303,"column":0},"end":{"line":303,"column":33}},"303":{"start":{"line":304,"column":0},"end":{"line":304,"column":71}},"304":{"start":{"line":305,"column":0},"end":{"line":305,"column":33}},"305":{"start":{"line":306,"column":0},"end":{"line":306,"column":71}},"306":{"start":{"line":307,"column":0},"end":{"line":307,"column":19}},"307":{"start":{"line":308,"column":0},"end":{"line":308,"column":20}},"314":{"start":{"line":315,"column":0},"end":{"line":315,"column":78}},"315":{"start":{"line":316,"column":0},"end":{"line":316,"column":13}},"316":{"start":{"line":317,"column":0},"end":{"line":317,"column":9}},"319":{"start":{"line":320,"column":0},"end":{"line":320,"column":22}},"320":{"start":{"line":321,"column":0},"end":{"line":321,"column":59}},"327":{"start":{"line":328,"column":0},"end":{"line":328,"column":13}},"333":{"start":{"line":334,"column":0},"end":{"line":334,"column":10}},"334":{"start":{"line":335,"column":0},"end":{"line":335,"column":45}},"337":{"start":{"line":338,"column":0},"end":{"line":338,"column":21}},"338":{"start":{"line":339,"column":0},"end":{"line":339,"column":22}},"340":{"start":{"line":341,"column":0},"end":{"line":341,"column":40}},"341":{"start":{"line":342,"column":0},"end":{"line":342,"column":28}},"342":{"start":{"line":343,"column":0},"end":{"line":343,"column":90}},"343":{"start":{"line":344,"column":0},"end":{"line":344,"column":53}},"344":{"start":{"line":345,"column":0},"end":{"line":345,"column":18}},"345":{"start":{"line":346,"column":0},"end":{"line":346,"column":48}},"346":{"start":{"line":347,"column":0},"end":{"line":347,"column":45}},"347":{"start":{"line":348,"column":0},"end":{"line":348,"column":50}},"348":{"start":{"line":349,"column":0},"end":{"line":349,"column":48}},"350":{"start":{"line":351,"column":0},"end":{"line":351,"column":39}},"351":{"start":{"line":352,"column":0},"end":{"line":352,"column":36}},"352":{"start":{"line":353,"column":0},"end":{"line":353,"column":13}},"353":{"start":{"line":354,"column":0},"end":{"line":354,"column":10}},"354":{"start":{"line":355,"column":0},"end":{"line":355,"column":79}},"356":{"start":{"line":357,"column":0},"end":{"line":357,"column":21}},"357":{"start":{"line":358,"column":0},"end":{"line":358,"column":46}},"358":{"start":{"line":359,"column":0},"end":{"line":359,"column":40}},"359":{"start":{"line":360,"column":0},"end":{"line":360,"column":57}},"360":{"start":{"line":361,"column":0},"end":{"line":361,"column":37}},"361":{"start":{"line":362,"column":0},"end":{"line":362,"column":68}},"362":{"start":{"line":363,"column":0},"end":{"line":363,"column":40}},"363":{"start":{"line":364,"column":0},"end":{"line":364,"column":49}},"366":{"start":{"line":367,"column":0},"end":{"line":367,"column":17}},"367":{"start":{"line":368,"column":0},"end":{"line":368,"column":13}},"368":{"start":{"line":369,"column":0},"end":{"line":369,"column":51}},"370":{"start":{"line":371,"column":0},"end":{"line":371,"column":47}},"371":{"start":{"line":372,"column":0},"end":{"line":372,"column":74}},"373":{"start":{"line":374,"column":0},"end":{"line":374,"column":61}},"374":{"start":{"line":375,"column":0},"end":{"line":375,"column":24}},"375":{"start":{"line":376,"column":0},"end":{"line":376,"column":32}},"376":{"start":{"line":377,"column":0},"end":{"line":377,"column":9}},"377":{"start":{"line":378,"column":0},"end":{"line":378,"column":44}},"378":{"start":{"line":379,"column":0},"end":{"line":379,"column":36}},"379":{"start":{"line":380,"column":0},"end":{"line":380,"column":65}},"380":{"start":{"line":381,"column":0},"end":{"line":381,"column":9}},"381":{"start":{"line":382,"column":0},"end":{"line":382,"column":6}},"383":{"start":{"line":384,"column":0},"end":{"line":384,"column":64}},"384":{"start":{"line":385,"column":0},"end":{"line":385,"column":35}},"385":{"start":{"line":386,"column":0},"end":{"line":386,"column":6}},"387":{"start":{"line":388,"column":0},"end":{"line":388,"column":35}},"388":{"start":{"line":389,"column":0},"end":{"line":389,"column":63}},"389":{"start":{"line":390,"column":0},"end":{"line":390,"column":56}},"390":{"start":{"line":391,"column":0},"end":{"line":391,"column":9}},"391":{"start":{"line":392,"column":0},"end":{"line":392,"column":38}},"392":{"start":{"line":393,"column":0},"end":{"line":393,"column":6}},"394":{"start":{"line":395,"column":0},"end":{"line":395,"column":53}},"395":{"start":{"line":396,"column":0},"end":{"line":396,"column":35}},"396":{"start":{"line":397,"column":0},"end":{"line":397,"column":6}},"398":{"start":{"line":399,"column":0},"end":{"line":399,"column":50}},"399":{"start":{"line":400,"column":0},"end":{"line":400,"column":99}},"400":{"start":{"line":401,"column":0},"end":{"line":401,"column":99}},"401":{"start":{"line":402,"column":0},"end":{"line":402,"column":46}},"402":{"start":{"line":403,"column":0},"end":{"line":403,"column":105}},"403":{"start":{"line":404,"column":0},"end":{"line":404,"column":105}},"405":{"start":{"line":406,"column":0},"end":{"line":406,"column":12}},"406":{"start":{"line":407,"column":0},"end":{"line":407,"column":29}},"407":{"start":{"line":408,"column":0},"end":{"line":408,"column":47}},"408":{"start":{"line":409,"column":0},"end":{"line":409,"column":33}},"409":{"start":{"line":410,"column":0},"end":{"line":410,"column":67}},"411":{"start":{"line":412,"column":0},"end":{"line":412,"column":18}},"412":{"start":{"line":413,"column":0},"end":{"line":413,"column":24}},"413":{"start":{"line":414,"column":0},"end":{"line":414,"column":38}},"414":{"start":{"line":415,"column":0},"end":{"line":415,"column":67}},"415":{"start":{"line":416,"column":0},"end":{"line":416,"column":22}},"416":{"start":{"line":417,"column":0},"end":{"line":417,"column":37}},"417":{"start":{"line":418,"column":0},"end":{"line":418,"column":26}},"418":{"start":{"line":419,"column":0},"end":{"line":419,"column":54}},"419":{"start":{"line":420,"column":0},"end":{"line":420,"column":63}},"420":{"start":{"line":421,"column":0},"end":{"line":421,"column":63}},"421":{"start":{"line":422,"column":0},"end":{"line":422,"column":67}},"422":{"start":{"line":423,"column":0},"end":{"line":423,"column":30}},"423":{"start":{"line":424,"column":0},"end":{"line":424,"column":47}},"424":{"start":{"line":425,"column":0},"end":{"line":425,"column":66}},"425":{"start":{"line":426,"column":0},"end":{"line":426,"column":65}},"426":{"start":{"line":427,"column":0},"end":{"line":427,"column":67}},"427":{"start":{"line":428,"column":0},"end":{"line":428,"column":75}},"428":{"start":{"line":429,"column":0},"end":{"line":429,"column":60}},"429":{"start":{"line":430,"column":0},"end":{"line":430,"column":66}},"431":{"start":{"line":432,"column":0},"end":{"line":432,"column":63}},"432":{"start":{"line":433,"column":0},"end":{"line":433,"column":69}},"434":{"start":{"line":435,"column":0},"end":{"line":435,"column":30}},"435":{"start":{"line":436,"column":0},"end":{"line":436,"column":45}},"436":{"start":{"line":437,"column":0},"end":{"line":437,"column":66}},"437":{"start":{"line":438,"column":0},"end":{"line":438,"column":71}},"438":{"start":{"line":439,"column":0},"end":{"line":439,"column":65}},"439":{"start":{"line":440,"column":0},"end":{"line":440,"column":73}},"440":{"start":{"line":441,"column":0},"end":{"line":441,"column":62}},"441":{"start":{"line":442,"column":0},"end":{"line":442,"column":30}},"442":{"start":{"line":443,"column":0},"end":{"line":443,"column":43}},"443":{"start":{"line":444,"column":0},"end":{"line":444,"column":66}},"444":{"start":{"line":445,"column":0},"end":{"line":445,"column":61}},"445":{"start":{"line":446,"column":0},"end":{"line":446,"column":63}},"446":{"start":{"line":447,"column":0},"end":{"line":447,"column":71}},"447":{"start":{"line":448,"column":0},"end":{"line":448,"column":60}},"448":{"start":{"line":449,"column":0},"end":{"line":449,"column":59}},"449":{"start":{"line":450,"column":0},"end":{"line":450,"column":30}},"450":{"start":{"line":451,"column":0},"end":{"line":451,"column":44}},"451":{"start":{"line":452,"column":0},"end":{"line":452,"column":66}},"452":{"start":{"line":453,"column":0},"end":{"line":453,"column":48}},"453":{"start":{"line":454,"column":0},"end":{"line":454,"column":68}},"454":{"start":{"line":455,"column":0},"end":{"line":455,"column":34}},"455":{"start":{"line":456,"column":0},"end":{"line":456,"column":30}},"456":{"start":{"line":457,"column":0},"end":{"line":457,"column":79}},"457":{"start":{"line":458,"column":0},"end":{"line":458,"column":34}},"458":{"start":{"line":459,"column":0},"end":{"line":459,"column":46}},"459":{"start":{"line":460,"column":0},"end":{"line":460,"column":49}},"460":{"start":{"line":461,"column":0},"end":{"line":461,"column":63}},"461":{"start":{"line":462,"column":0},"end":{"line":462,"column":38}},"462":{"start":{"line":463,"column":0},"end":{"line":463,"column":53}},"463":{"start":{"line":464,"column":0},"end":{"line":464,"column":61}},"464":{"start":{"line":465,"column":0},"end":{"line":465,"column":69}},"465":{"start":{"line":466,"column":0},"end":{"line":466,"column":61}},"466":{"start":{"line":467,"column":0},"end":{"line":467,"column":73}},"467":{"start":{"line":468,"column":0},"end":{"line":468,"column":50}},"468":{"start":{"line":469,"column":0},"end":{"line":469,"column":71}},"469":{"start":{"line":470,"column":0},"end":{"line":470,"column":66}},"471":{"start":{"line":472,"column":0},"end":{"line":472,"column":49}},"472":{"start":{"line":473,"column":0},"end":{"line":473,"column":78}},"474":{"start":{"line":475,"column":0},"end":{"line":475,"column":38}},"475":{"start":{"line":476,"column":0},"end":{"line":476,"column":35}},"477":{"start":{"line":478,"column":0},"end":{"line":478,"column":79}},"478":{"start":{"line":479,"column":0},"end":{"line":479,"column":47}},"479":{"start":{"line":480,"column":0},"end":{"line":480,"column":43}},"480":{"start":{"line":481,"column":0},"end":{"line":481,"column":55}},"481":{"start":{"line":482,"column":0},"end":{"line":482,"column":61}},"482":{"start":{"line":483,"column":0},"end":{"line":483,"column":67}},"483":{"start":{"line":484,"column":0},"end":{"line":484,"column":69}},"484":{"start":{"line":485,"column":0},"end":{"line":485,"column":54}},"485":{"start":{"line":486,"column":0},"end":{"line":486,"column":34}},"487":{"start":{"line":488,"column":0},"end":{"line":488,"column":53}},"488":{"start":{"line":489,"column":0},"end":{"line":489,"column":59}},"489":{"start":{"line":490,"column":0},"end":{"line":490,"column":40}},"490":{"start":{"line":491,"column":0},"end":{"line":491,"column":48}},"491":{"start":{"line":492,"column":0},"end":{"line":492,"column":62}},"492":{"start":{"line":493,"column":0},"end":{"line":493,"column":59}},"493":{"start":{"line":494,"column":0},"end":{"line":494,"column":56}},"494":{"start":{"line":495,"column":0},"end":{"line":495,"column":74}},"495":{"start":{"line":496,"column":0},"end":{"line":496,"column":71}},"496":{"start":{"line":497,"column":0},"end":{"line":497,"column":77}},"497":{"start":{"line":498,"column":0},"end":{"line":498,"column":60}},"498":{"start":{"line":499,"column":0},"end":{"line":499,"column":64}},"499":{"start":{"line":500,"column":0},"end":{"line":500,"column":42}},"500":{"start":{"line":501,"column":0},"end":{"line":501,"column":37}},"502":{"start":{"line":503,"column":0},"end":{"line":503,"column":42}},"504":{"start":{"line":505,"column":0},"end":{"line":505,"column":36}},"505":{"start":{"line":506,"column":0},"end":{"line":506,"column":56}},"506":{"start":{"line":507,"column":0},"end":{"line":507,"column":56}},"507":{"start":{"line":508,"column":0},"end":{"line":508,"column":44}},"508":{"start":{"line":509,"column":0},"end":{"line":509,"column":44}},"509":{"start":{"line":510,"column":0},"end":{"line":510,"column":30}},"511":{"start":{"line":512,"column":0},"end":{"line":512,"column":27}},"513":{"start":{"line":514,"column":0},"end":{"line":514,"column":19}},"515":{"start":{"line":516,"column":0},"end":{"line":516,"column":14}},"517":{"start":{"line":518,"column":0},"end":{"line":518,"column":2}},"519":{"start":{"line":520,"column":0},"end":{"line":520,"column":19}}},"s":{"0":0,"1":0,"2":0,"3":0,"4":0,"5":0,"6":0,"7":0,"8":0,"9":0,"10":0,"11":0,"12":0,"13":0,"14":0,"16":0,"17":0,"18":0,"19":0,"20":0,"22":0,"23":0,"24":0,"25":0,"26":0,"27":0,"28":0,"29":0,"30":0,"31":0,"32":0,"35":0,"36":0,"37":0,"38":0,"39":0,"40":0,"41":0,"42":0,"43":0,"44":0,"45":0,"47":0,"48":0,"49":0,"52":0,"55":0,"57":0,"59":0,"62":0,"63":0,"64":0,"65":0,"66":0,"67":0,"68":0,"71":0,"72":0,"73":0,"74":0,"75":0,"76":0,"77":0,"78":0,"81":0,"82":0,"83":0,"84":0,"85":0,"86":0,"89":0,"92":0,"93":0,"94":0,"95":0,"98":0,"99":0,"100":0,"101":0,"104":0,"105":0,"106":0,"109":0,"110":0,"113":0,"114":0,"117":0,"119":0,"120":0,"121":0,"122":0,"124":0,"125":0,"126":0,"128":0,"129":0,"130":0,"132":0,"133":0,"134":0,"136":0,"137":0,"138":0,"141":0,"142":0,"143":0,"145":0,"146":0,"147":0,"148":0,"149":0,"150":0,"151":0,"152":0,"153":0,"154":0,"157":0,"158":0,"159":0,"160":0,"161":0,"162":0,"163":0,"164":0,"165":0,"166":0,"169":0,"170":0,"171":0,"172":0,"173":0,"174":0,"175":0,"176":0,"177":0,"178":0,"181":0,"182":0,"184":0,"185":0,"186":0,"187":0,"188":0,"189":0,"190":0,"191":0,"192":0,"193":0,"195":0,"197":0,"198":0,"200":0,"201":0,"202":0,"203":0,"204":0,"205":0,"206":0,"207":0,"208":0,"209":0,"210":0,"211":0,"212":0,"213":0,"215":0,"216":0,"217":0,"218":0,"219":0,"220":0,"221":0,"222":0,"223":0,"224":0,"225":0,"226":0,"227":0,"228":0,"229":0,"231":0,"232":0,"233":0,"234":0,"235":0,"237":0,"238":0,"239":0,"240":0,"242":0,"243":0,"244":0,"245":0,"247":0,"249":0,"250":0,"251":0,"252":0,"253":0,"254":0,"255":0,"256":0,"258":0,"259":0,"260":0,"261":0,"262":0,"263":0,"264":0,"265":0,"267":0,"268":0,"269":0,"271":0,"272":0,"273":0,"274":0,"275":0,"276":0,"277":0,"278":0,"279":0,"280":0,"281":0,"283":0,"284":0,"285":0,"286":0,"287":0,"288":0,"289":0,"290":0,"291":0,"292":0,"293":0,"294":0,"295":0,"296":0,"297":0,"298":0,"299":0,"300":0,"301":0,"302":0,"303":0,"304":0,"305":0,"306":0,"307":0,"314":0,"315":0,"316":0,"319":0,"320":0,"327":0,"333":0,"334":0,"337":0,"338":0,"340":0,"341":0,"342":0,"343":0,"344":0,"345":0,"346":0,"347":0,"348":0,"350":0,"351":0,"352":0,"353":0,"354":0,"356":0,"357":0,"358":0,"359":0,"360":0,"361":0,"362":0,"363":0,"366":0,"367":0,"368":0,"370":0,"371":0,"373":0,"374":0,"375":0,"376":0,"377":0,"378":0,"379":0,"380":0,"381":0,"383":0,"384":0,"385":0,"387":0,"388":0,"389":0,"390":0,"391":0,"392":0,"394":0,"395":0,"396":0,"398":0,"399":0,"400":0,"401":0,"402":0,"403":0,"405":0,"406":0,"407":0,"408":0,"409":0,"411":0,"412":0,"413":0,"414":0,"415":0,"416":0,"417":0,"418":0,"419":0,"420":0,"421":0,"422":0,"423":0,"424":0,"425":0,"426":0,"427":0,"428":0,"429":0,"431":0,"432":0,"434":0,"435":0,"436":0,"437":0,"438":0,"439":0,"440":0,"441":0,"442":0,"443":0,"444":0,"445":0,"446":0,"447":0,"448":0,"449":0,"450":0,"451":0,"452":0,"453":0,"454":0,"455":0,"456":0,"457":0,"458":0,"459":0,"460":0,"461":0,"462":0,"463":0,"464":0,"465":0,"466":0,"467":0,"468":0,"469":0,"471":0,"472":0,"474":0,"475":0,"477":0,"478":0,"479":0,"480":0,"481":0,"482":0,"483":0,"484":0,"485":0,"487":0,"488":0,"489":0,"490":0,"491":0,"492":0,"493":0,"494":0,"495":0,"496":0,"497":0,"498":0,"499":0,"500":0,"502":0,"504":0,"505":0,"506":0,"507":0,"508":0,"509":0,"511":0,"513":0,"515":0,"517":0,"519":0},"branchMap":{"0":{"type":"branch","line":1,"loc":{"start":{"line":1,"column":22712},"end":{"line":520,"column":19}},"locations":[{"start":{"line":1,"column":22712},"end":{"line":520,"column":19}}]}},"b":{"0":[0]},"fnMap":{"0":{"name":"(empty-report)","decl":{"start":{"line":1,"column":22712},"end":{"line":520,"column":19}},"loc":{"start":{"line":1,"column":22712},"end":{"line":520,"column":19}},"line":1}},"f":{"0":0}}
,"/home/alejandro/dev/quvis-web/src/BlochSphere.ts": {"path":"/home/alejandro/dev/quvis-web/src/BlochSphere.ts","all":true,"statementMap":{"0":{"start":{"line":1,"column":0},"end":{"line":1,"column":31}},"2":{"start":{"line":3,"column":0},"end":{"line":3,"column":26}},"4":{"start":{"line":5,"column":0},"end":{"line":5,"column":57}},"6":{"start":{"line":7,"column":0},"end":{"line":7,"column":50}},"7":{"start":{"line":8,"column":0},"end":{"line":8,"column":45}},"8":{"start":{"line":9,"column":0},"end":{"line":9,"column":47}},"11":{"start":{"line":12,"column":0},"end":{"line":12,"column":69}},"12":{"start":{"line":13,"column":0},"end":{"line":13,"column":60}},"13":{"start":{"line":14,"column":0},"end":{"line":14,"column":28}},"14":{"start":{"line":15,"column":0},"end":{"line":15,"column":30}},"15":{"start":{"line":16,"column":0},"end":{"line":16,"column":47}},"16":{"start":{"line":17,"column":0},"end":{"line":17,"column":35}},"17":{"start":{"line":18,"column":0},"end":{"line":18,"column":11}},"18":{"start":{"line":19,"column":0},"end":{"line":19,"column":70}},"19":{"start":{"line":20,"column":0},"end":{"line":20,"column":40}},"20":{"start":{"line":21,"column":0},"end":{"line":21,"column":37}},"23":{"start":{"line":24,"column":0},"end":{"line":24,"column":31}},"24":{"start":{"line":25,"column":0},"end":{"line":25,"column":56}},"25":{"start":{"line":26,"column":0},"end":{"line":26,"column":17}},"26":{"start":{"line":27,"column":0},"end":{"line":27,"column":17}},"27":{"start":{"line":28,"column":0},"end":{"line":28,"column":27}},"28":{"start":{"line":29,"column":0},"end":{"line":29,"column":10}},"31":{"start":{"line":32,"column":0},"end":{"line":32,"column":37}},"32":{"start":{"line":33,"column":0},"end":{"line":33,"column":25}},"33":{"start":{"line":34,"column":0},"end":{"line":34,"column":61}},"34":{"start":{"line":35,"column":0},"end":{"line":35,"column":10}},"35":{"start":{"line":36,"column":0},"end":{"line":36,"column":29}},"36":{"start":{"line":37,"column":0},"end":{"line":37,"column":36}},"39":{"start":{"line":40,"column":0},"end":{"line":40,"column":37}},"40":{"start":{"line":41,"column":0},"end":{"line":41,"column":25}},"41":{"start":{"line":42,"column":0},"end":{"line":42,"column":61}},"42":{"start":{"line":43,"column":0},"end":{"line":43,"column":10}},"43":{"start":{"line":44,"column":0},"end":{"line":44,"column":29}},"44":{"start":{"line":45,"column":0},"end":{"line":45,"column":39}},"45":{"start":{"line":46,"column":0},"end":{"line":46,"column":36}},"48":{"start":{"line":49,"column":0},"end":{"line":49,"column":37}},"49":{"start":{"line":50,"column":0},"end":{"line":50,"column":25}},"50":{"start":{"line":51,"column":0},"end":{"line":51,"column":61}},"51":{"start":{"line":52,"column":0},"end":{"line":52,"column":10}},"52":{"start":{"line":53,"column":0},"end":{"line":53,"column":29}},"53":{"start":{"line":54,"column":0},"end":{"line":54,"column":39}},"54":{"start":{"line":55,"column":0},"end":{"line":55,"column":36}},"57":{"start":{"line":58,"column":0},"end":{"line":58,"column":77}},"58":{"start":{"line":59,"column":0},"end":{"line":59,"column":61}},"59":{"start":{"line":60,"column":0},"end":{"line":60,"column":28}},"60":{"start":{"line":61,"column":0},"end":{"line":61,"column":11}},"61":{"start":{"line":62,"column":0},"end":{"line":62,"column":73}},"62":{"start":{"line":63,"column":0},"end":{"line":63,"column":33}},"63":{"start":{"line":64,"column":0},"end":{"line":64,"column":41}},"64":{"start":{"line":65,"column":0},"end":{"line":65,"column":38}},"67":{"start":{"line":68,"column":0},"end":{"line":68,"column":78}},"68":{"start":{"line":69,"column":0},"end":{"line":69,"column":62}},"69":{"start":{"line":70,"column":0},"end":{"line":70,"column":28}},"70":{"start":{"line":71,"column":0},"end":{"line":71,"column":11}},"71":{"start":{"line":72,"column":0},"end":{"line":72,"column":76}},"72":{"start":{"line":73,"column":0},"end":{"line":73,"column":35}},"73":{"start":{"line":74,"column":0},"end":{"line":74,"column":39}},"74":{"start":{"line":75,"column":0},"end":{"line":75,"column":5}},"76":{"start":{"line":77,"column":0},"end":{"line":77,"column":59}},"77":{"start":{"line":78,"column":0},"end":{"line":78,"column":44}},"78":{"start":{"line":79,"column":0},"end":{"line":79,"column":48}},"80":{"start":{"line":81,"column":0},"end":{"line":81,"column":47}},"81":{"start":{"line":82,"column":0},"end":{"line":82,"column":47}},"82":{"start":{"line":83,"column":0},"end":{"line":83,"column":41}},"83":{"start":{"line":84,"column":0},"end":{"line":84,"column":64}},"84":{"start":{"line":85,"column":0},"end":{"line":85,"column":48}},"85":{"start":{"line":86,"column":0},"end":{"line":86,"column":51}},"86":{"start":{"line":87,"column":0},"end":{"line":87,"column":64}},"87":{"start":{"line":88,"column":0},"end":{"line":88,"column":17}},"88":{"start":{"line":89,"column":0},"end":{"line":89,"column":13}},"89":{"start":{"line":90,"column":0},"end":{"line":90,"column":11}},"90":{"start":{"line":91,"column":0},"end":{"line":91,"column":5}},"92":{"start":{"line":93,"column":0},"end":{"line":93,"column":46}},"93":{"start":{"line":94,"column":0},"end":{"line":94,"column":47}},"94":{"start":{"line":95,"column":0},"end":{"line":95,"column":47}},"95":{"start":{"line":96,"column":0},"end":{"line":96,"column":51}},"99":{"start":{"line":100,"column":0},"end":{"line":100,"column":63}},"100":{"start":{"line":101,"column":0},"end":{"line":101,"column":43}},"101":{"start":{"line":102,"column":0},"end":{"line":102,"column":60}},"102":{"start":{"line":103,"column":0},"end":{"line":103,"column":74}},"103":{"start":{"line":104,"column":0},"end":{"line":104,"column":28}},"104":{"start":{"line":105,"column":0},"end":{"line":105,"column":46}},"105":{"start":{"line":106,"column":0},"end":{"line":106,"column":21}},"106":{"start":{"line":107,"column":0},"end":{"line":107,"column":43}},"107":{"start":{"line":108,"column":0},"end":{"line":108,"column":18}},"109":{"start":{"line":110,"column":0},"end":{"line":110,"column":46}},"110":{"start":{"line":111,"column":0},"end":{"line":111,"column":51}},"111":{"start":{"line":112,"column":0},"end":{"line":112,"column":24}},"112":{"start":{"line":113,"column":0},"end":{"line":113,"column":43}},"113":{"start":{"line":114,"column":0},"end":{"line":114,"column":17}},"114":{"start":{"line":115,"column":0},"end":{"line":115,"column":13}},"115":{"start":{"line":116,"column":0},"end":{"line":116,"column":11}},"116":{"start":{"line":117,"column":0},"end":{"line":117,"column":5}},"118":{"start":{"line":119,"column":0},"end":{"line":119,"column":42}},"119":{"start":{"line":120,"column":0},"end":{"line":120,"column":31}},"120":{"start":{"line":121,"column":0},"end":{"line":121,"column":60}},"121":{"start":{"line":122,"column":0},"end":{"line":122,"column":9}},"122":{"start":{"line":123,"column":0},"end":{"line":123,"column":5}},"124":{"start":{"line":125,"column":0},"end":{"line":125,"column":15}},"126":{"start":{"line":127,"column":0},"end":{"line":127,"column":47}},"127":{"start":{"line":128,"column":0},"end":{"line":128,"column":47}},"128":{"start":{"line":129,"column":0},"end":{"line":129,"column":38}},"129":{"start":{"line":130,"column":0},"end":{"line":130,"column":46}},"130":{"start":{"line":131,"column":0},"end":{"line":131,"column":17}},"131":{"start":{"line":132,"column":0},"end":{"line":132,"column":38}},"132":{"start":{"line":133,"column":0},"end":{"line":133,"column":57}},"133":{"start":{"line":134,"column":0},"end":{"line":134,"column":61}},"134":{"start":{"line":135,"column":0},"end":{"line":135,"column":47}},"135":{"start":{"line":136,"column":0},"end":{"line":136,"column":26}},"136":{"start":{"line":137,"column":0},"end":{"line":137,"column":28}},"137":{"start":{"line":138,"column":0},"end":{"line":138,"column":50}},"138":{"start":{"line":139,"column":0},"end":{"line":139,"column":21}},"139":{"start":{"line":140,"column":0},"end":{"line":140,"column":17}},"140":{"start":{"line":141,"column":0},"end":{"line":141,"column":13}},"141":{"start":{"line":142,"column":0},"end":{"line":142,"column":11}},"143":{"start":{"line":144,"column":0},"end":{"line":144,"column":5}},"144":{"start":{"line":145,"column":0},"end":{"line":145,"column":1}}},"s":{"0":0,"2":0,"4":0,"6":0,"7":0,"8":0,"11":0,"12":0,"13":0,"14":0,"15":0,"16":0,"17":0,"18":0,"19":0,"20":0,"23":0,"24":0,"25":0,"26":0,"27":0,"28":0,"31":0,"32":0,"33":0,"34":0,"35":0,"36":0,"39":0,"40":0,"41":0,"42":0,"43":0,"44":0,"45":0,"48":0,"49":0,"50":0,"51":0,"52":0,"53":0,"54":0,"57":0,"58":0,"59":0,"60":0,"61":0,"62":0,"63":0,"64":0,"67":0,"68":0,"69":0,"70":0,"71":0,"72":0,"73":0,"74":0,"76":0,"77":0,"78":0,"80":0,"81":0,"82":0,"83":0,"84":0,"85":0,"86":0,"87":0,"88":0,"89":0,"90":0,"92":0,"93":0,"94":0,"95":0,"99":0,"100":0,"101":0,"102":0,"103":0,"104":0,"105":0,"106":0,"107":0,"109":0,"110":0,"111":0,"112":0,"113":0,"114":0,"115":0,"116":0,"118":0,"119":0,"120":0,"121":0,"122":0,"124":0,"126":0,"127":0,"128":0,"129":0,"130":0,"131":0,"132":0,"133":0,"134":0,"135":0,"136":0,"137":0,"138":0,"139":0,"140":0,"141":0,"143":0,"144":0},"branchMap":{"0":{"type":"branch","line":1,"loc":{"start":{"line":1,"column":4895},"end":{"line":145,"column":1}},"locations":[{"start":{"line":1,"column":4895},"end":{"line":145,"column":1}}]}},"b":{"0":[0]},"fnMap":{"0":{"name":"(empty-report)","decl":{"start":{"line":1,"column":4895},"end":{"line":145,"column":1}},"loc":{"start":{"line":1,"column":4895},"end":{"line":145,"column":1}},"line":1}},"f":{"0":0}}
,"/home/alejandro/dev/quvis-web/src/Heatmap.ts": {"path":"/home/alejandro/dev/quvis-web/src/Heatmap.ts","all":false,"statementMap":{"0":{"start":{"line":1,"column":0},"end":{"line":1,"column":31}},"2":{"start":{"line":3,"column":0},"end":{"line":3,"column":22}},"7":{"start":{"line":8,"column":0},"end":{"line":8,"column":41}},"11":{"start":{"line":12,"column":0},"end":{"line":12,"column":32}},"14":{"start":{"line":15,"column":0},"end":{"line":15,"column":20}},"15":{"start":{"line":16,"column":0},"end":{"line":16,"column":77}},"16":{"start":{"line":17,"column":0},"end":{"line":17,"column":61}},"18":{"start":{"line":19,"column":0},"end":{"line":19,"column":16}},"19":{"start":{"line":20,"column":0},"end":{"line":20,"column":40}},"20":{"start":{"line":21,"column":0},"end":{"line":21,"column":29}},"21":{"start":{"line":22,"column":0},"end":{"line":22,"column":26}},"22":{"start":{"line":23,"column":0},"end":{"line":23,"column":7}},"23":{"start":{"line":24,"column":0},"end":{"line":24,"column":29}},"24":{"start":{"line":25,"column":0},"end":{"line":25,"column":35}},"25":{"start":{"line":26,"column":0},"end":{"line":26,"column":52}},"26":{"start":{"line":27,"column":0},"end":{"line":27,"column":60}},"27":{"start":{"line":28,"column":0},"end":{"line":28,"column":58}},"29":{"start":{"line":30,"column":0},"end":{"line":30,"column":30}},"30":{"start":{"line":31,"column":0},"end":{"line":31,"column":23}},"31":{"start":{"line":32,"column":0},"end":{"line":32,"column":57}},"32":{"start":{"line":33,"column":0},"end":{"line":33,"column":10}},"33":{"start":{"line":34,"column":0},"end":{"line":34,"column":30}},"34":{"start":{"line":35,"column":0},"end":{"line":35,"column":24}},"35":{"start":{"line":36,"column":0},"end":{"line":36,"column":59}},"36":{"start":{"line":37,"column":0},"end":{"line":37,"column":10}},"38":{"start":{"line":39,"column":0},"end":{"line":39,"column":50}},"39":{"start":{"line":40,"column":0},"end":{"line":40,"column":23}},"40":{"start":{"line":41,"column":0},"end":{"line":41,"column":74}},"41":{"start":{"line":42,"column":0},"end":{"line":42,"column":39}},"42":{"start":{"line":43,"column":0},"end":{"line":43,"column":43}},"43":{"start":{"line":44,"column":0},"end":{"line":44,"column":63}},"44":{"start":{"line":45,"column":0},"end":{"line":45,"column":44}},"45":{"start":{"line":46,"column":0},"end":{"line":46,"column":14}},"46":{"start":{"line":47,"column":0},"end":{"line":47,"column":27}},"62":{"start":{"line":63,"column":0},"end":{"line":63,"column":29}},"112":{"start":{"line":113,"column":0},"end":{"line":113,"column":30}},"113":{"start":{"line":114,"column":0},"end":{"line":114,"column":45}},"114":{"start":{"line":115,"column":0},"end":{"line":115,"column":29}},"115":{"start":{"line":116,"column":0},"end":{"line":116,"column":11}},"117":{"start":{"line":118,"column":0},"end":{"line":118,"column":62}},"118":{"start":{"line":119,"column":0},"end":{"line":119,"column":33}},"119":{"start":{"line":120,"column":0},"end":{"line":120,"column":5}},"121":{"start":{"line":122,"column":0},"end":{"line":122,"column":28}},"122":{"start":{"line":123,"column":0},"end":{"line":123,"column":51}},"123":{"start":{"line":124,"column":0},"end":{"line":124,"column":32}},"124":{"start":{"line":125,"column":0},"end":{"line":125,"column":7}},"125":{"start":{"line":126,"column":0},"end":{"line":126,"column":33}},"126":{"start":{"line":127,"column":0},"end":{"line":127,"column":57}},"127":{"start":{"line":128,"column":0},"end":{"line":128,"column":50}},"128":{"start":{"line":129,"column":0},"end":{"line":129,"column":50}},"129":{"start":{"line":130,"column":0},"end":{"line":130,"column":38}},"130":{"start":{"line":131,"column":0},"end":{"line":131,"column":9}},"132":{"start":{"line":133,"column":0},"end":{"line":133,"column":38}},"133":{"start":{"line":134,"column":0},"end":{"line":134,"column":52}},"134":{"start":{"line":135,"column":0},"end":{"line":135,"column":36}},"135":{"start":{"line":136,"column":0},"end":{"line":136,"column":9}},"136":{"start":{"line":137,"column":0},"end":{"line":137,"column":54}},"137":{"start":{"line":138,"column":0},"end":{"line":138,"column":31}},"138":{"start":{"line":139,"column":0},"end":{"line":139,"column":19}},"139":{"start":{"line":140,"column":0},"end":{"line":140,"column":9}},"141":{"start":{"line":142,"column":0},"end":{"line":142,"column":65}},"142":{"start":{"line":143,"column":0},"end":{"line":143,"column":76}},"144":{"start":{"line":145,"column":0},"end":{"line":145,"column":45}},"145":{"start":{"line":146,"column":0},"end":{"line":146,"column":31}},"146":{"start":{"line":147,"column":0},"end":{"line":147,"column":43}},"147":{"start":{"line":148,"column":0},"end":{"line":148,"column":39}},"148":{"start":{"line":149,"column":0},"end":{"line":149,"column":39}},"149":{"start":{"line":150,"column":0},"end":{"line":150,"column":39}},"150":{"start":{"line":151,"column":0},"end":{"line":151,"column":10}},"151":{"start":{"line":152,"column":0},"end":{"line":152,"column":45}},"152":{"start":{"line":153,"column":0},"end":{"line":153,"column":45}},"153":{"start":{"line":154,"column":0},"end":{"line":154,"column":45}},"155":{"start":{"line":156,"column":0},"end":{"line":156,"column":24}},"158":{"start":{"line":159,"column":0},"end":{"line":159,"column":22}},"160":{"start":{"line":161,"column":0},"end":{"line":161,"column":59}},"161":{"start":{"line":162,"column":0},"end":{"line":162,"column":77}},"162":{"start":{"line":163,"column":0},"end":{"line":163,"column":77}},"163":{"start":{"line":164,"column":0},"end":{"line":164,"column":77}},"164":{"start":{"line":165,"column":0},"end":{"line":165,"column":68}},"166":{"start":{"line":167,"column":0},"end":{"line":167,"column":33}},"167":{"start":{"line":168,"column":0},"end":{"line":168,"column":31}},"168":{"start":{"line":169,"column":0},"end":{"line":169,"column":53}},"169":{"start":{"line":170,"column":0},"end":{"line":170,"column":33}},"170":{"start":{"line":171,"column":0},"end":{"line":171,"column":19}},"171":{"start":{"line":172,"column":0},"end":{"line":172,"column":13}},"172":{"start":{"line":173,"column":0},"end":{"line":173,"column":40}},"173":{"start":{"line":174,"column":0},"end":{"line":174,"column":38}},"174":{"start":{"line":175,"column":0},"end":{"line":175,"column":35}},"175":{"start":{"line":176,"column":0},"end":{"line":176,"column":9}},"177":{"start":{"line":178,"column":0},"end":{"line":178,"column":27}},"178":{"start":{"line":179,"column":0},"end":{"line":179,"column":43}},"179":{"start":{"line":180,"column":0},"end":{"line":180,"column":43}},"180":{"start":{"line":181,"column":0},"end":{"line":181,"column":61}},"181":{"start":{"line":182,"column":0},"end":{"line":182,"column":41}},"182":{"start":{"line":183,"column":0},"end":{"line":183,"column":18}},"183":{"start":{"line":184,"column":0},"end":{"line":184,"column":36}},"184":{"start":{"line":185,"column":0},"end":{"line":185,"column":37}},"185":{"start":{"line":186,"column":0},"end":{"line":186,"column":44}},"186":{"start":{"line":187,"column":0},"end":{"line":187,"column":19}},"187":{"start":{"line":188,"column":0},"end":{"line":188,"column":13}},"188":{"start":{"line":189,"column":0},"end":{"line":189,"column":9}},"190":{"start":{"line":191,"column":0},"end":{"line":191,"column":47}},"192":{"start":{"line":193,"column":0},"end":{"line":193,"column":49}},"193":{"start":{"line":194,"column":0},"end":{"line":194,"column":69}},"194":{"start":{"line":195,"column":0},"end":{"line":195,"column":66}},"196":{"start":{"line":197,"column":0},"end":{"line":197,"column":47}},"197":{"start":{"line":198,"column":0},"end":{"line":198,"column":68}},"198":{"start":{"line":199,"column":0},"end":{"line":199,"column":72}},"199":{"start":{"line":200,"column":0},"end":{"line":200,"column":72}},"200":{"start":{"line":201,"column":0},"end":{"line":201,"column":9}},"202":{"start":{"line":203,"column":0},"end":{"line":203,"column":52}},"203":{"start":{"line":204,"column":0},"end":{"line":204,"column":30}},"204":{"start":{"line":205,"column":0},"end":{"line":205,"column":23}},"205":{"start":{"line":206,"column":0},"end":{"line":206,"column":61}},"206":{"start":{"line":207,"column":0},"end":{"line":207,"column":10}},"207":{"start":{"line":208,"column":0},"end":{"line":208,"column":30}},"208":{"start":{"line":209,"column":0},"end":{"line":209,"column":24}},"209":{"start":{"line":210,"column":0},"end":{"line":210,"column":68}},"210":{"start":{"line":211,"column":0},"end":{"line":211,"column":10}},"212":{"start":{"line":213,"column":0},"end":{"line":213,"column":56}},"213":{"start":{"line":214,"column":0},"end":{"line":214,"column":51}},"214":{"start":{"line":215,"column":0},"end":{"line":215,"column":56}},"216":{"start":{"line":217,"column":0},"end":{"line":217,"column":75}},"217":{"start":{"line":218,"column":0},"end":{"line":218,"column":43}},"218":{"start":{"line":219,"column":0},"end":{"line":219,"column":50}},"219":{"start":{"line":220,"column":0},"end":{"line":220,"column":5}},"221":{"start":{"line":222,"column":0},"end":{"line":222,"column":44}},"222":{"start":{"line":223,"column":0},"end":{"line":223,"column":56}},"223":{"start":{"line":224,"column":0},"end":{"line":224,"column":33}},"224":{"start":{"line":225,"column":0},"end":{"line":225,"column":78}},"225":{"start":{"line":226,"column":0},"end":{"line":226,"column":9}},"226":{"start":{"line":227,"column":0},"end":{"line":227,"column":5}},"228":{"start":{"line":229,"column":0},"end":{"line":229,"column":42}},"229":{"start":{"line":230,"column":0},"end":{"line":230,"column":52}},"230":{"start":{"line":231,"column":0},"end":{"line":231,"column":38}},"231":{"start":{"line":232,"column":0},"end":{"line":232,"column":46}},"232":{"start":{"line":233,"column":0},"end":{"line":233,"column":16}},"233":{"start":{"line":234,"column":0},"end":{"line":234,"column":37}},"234":{"start":{"line":235,"column":0},"end":{"line":235,"column":37}},"235":{"start":{"line":236,"column":0},"end":{"line":236,"column":51}},"236":{"start":{"line":237,"column":0},"end":{"line":237,"column":13}},"237":{"start":{"line":238,"column":0},"end":{"line":238,"column":9}},"238":{"start":{"line":239,"column":0},"end":{"line":239,"column":5}},"240":{"start":{"line":241,"column":0},"end":{"line":241,"column":34}},"241":{"start":{"line":242,"column":0},"end":{"line":242,"column":61}},"242":{"start":{"line":243,"column":0},"end":{"line":243,"column":5}},"244":{"start":{"line":245,"column":0},"end":{"line":245,"column":17}},"245":{"start":{"line":246,"column":0},"end":{"line":246,"column":51}},"246":{"start":{"line":247,"column":0},"end":{"line":247,"column":34}},"247":{"start":{"line":248,"column":0},"end":{"line":248,"column":43}},"248":{"start":{"line":249,"column":0},"end":{"line":249,"column":80}},"249":{"start":{"line":250,"column":0},"end":{"line":250,"column":40}},"250":{"start":{"line":251,"column":0},"end":{"line":251,"column":37}},"251":{"start":{"line":252,"column":0},"end":{"line":252,"column":71}},"252":{"start":{"line":253,"column":0},"end":{"line":253,"column":44}},"253":{"start":{"line":254,"column":0},"end":{"line":254,"column":50}},"254":{"start":{"line":255,"column":0},"end":{"line":255,"column":79}},"255":{"start":{"line":256,"column":0},"end":{"line":256,"column":25}},"256":{"start":{"line":257,"column":0},"end":{"line":257,"column":13}},"257":{"start":{"line":258,"column":0},"end":{"line":258,"column":20}},"258":{"start":{"line":259,"column":0},"end":{"line":259,"column":45}},"259":{"start":{"line":260,"column":0},"end":{"line":260,"column":44}},"260":{"start":{"line":261,"column":0},"end":{"line":261,"column":14}},"261":{"start":{"line":262,"column":0},"end":{"line":262,"column":9}},"265":{"start":{"line":266,"column":0},"end":{"line":266,"column":64}},"266":{"start":{"line":267,"column":0},"end":{"line":267,"column":71}},"267":{"start":{"line":268,"column":0},"end":{"line":268,"column":69}},"268":{"start":{"line":269,"column":0},"end":{"line":269,"column":44}},"269":{"start":{"line":270,"column":0},"end":{"line":270,"column":27}},"270":{"start":{"line":271,"column":0},"end":{"line":271,"column":61}},"271":{"start":{"line":272,"column":0},"end":{"line":272,"column":14}},"272":{"start":{"line":273,"column":0},"end":{"line":273,"column":44}},"273":{"start":{"line":274,"column":0},"end":{"line":274,"column":28}},"274":{"start":{"line":275,"column":0},"end":{"line":275,"column":63}},"275":{"start":{"line":276,"column":0},"end":{"line":276,"column":14}},"276":{"start":{"line":277,"column":0},"end":{"line":277,"column":9}},"278":{"start":{"line":279,"column":0},"end":{"line":279,"column":45}},"279":{"start":{"line":280,"column":0},"end":{"line":280,"column":43}},"280":{"start":{"line":281,"column":0},"end":{"line":281,"column":47}},"281":{"start":{"line":282,"column":0},"end":{"line":282,"column":47}},"282":{"start":{"line":283,"column":0},"end":{"line":283,"column":11}},"283":{"start":{"line":284,"column":0},"end":{"line":284,"column":66}},"285":{"start":{"line":286,"column":0},"end":{"line":286,"column":42}},"286":{"start":{"line":287,"column":0},"end":{"line":287,"column":53}},"287":{"start":{"line":288,"column":0},"end":{"line":288,"column":29}},"288":{"start":{"line":289,"column":0},"end":{"line":289,"column":36}},"290":{"start":{"line":291,"column":0},"end":{"line":291,"column":33}},"291":{"start":{"line":292,"column":0},"end":{"line":292,"column":16}},"293":{"start":{"line":294,"column":0},"end":{"line":294,"column":76}},"294":{"start":{"line":295,"column":0},"end":{"line":295,"column":9}},"295":{"start":{"line":296,"column":0},"end":{"line":296,"column":68}},"297":{"start":{"line":298,"column":0},"end":{"line":298,"column":50}},"298":{"start":{"line":299,"column":0},"end":{"line":299,"column":47}},"300":{"start":{"line":301,"column":0},"end":{"line":301,"column":59}},"302":{"start":{"line":303,"column":0},"end":{"line":303,"column":12}},"303":{"start":{"line":304,"column":0},"end":{"line":304,"column":50}},"304":{"start":{"line":305,"column":0},"end":{"line":305,"column":41}},"305":{"start":{"line":306,"column":0},"end":{"line":306,"column":58}},"306":{"start":{"line":307,"column":0},"end":{"line":307,"column":33}},"307":{"start":{"line":308,"column":0},"end":{"line":308,"column":11}},"309":{"start":{"line":310,"column":0},"end":{"line":310,"column":56}},"310":{"start":{"line":311,"column":0},"end":{"line":311,"column":40}},"311":{"start":{"line":312,"column":0},"end":{"line":312,"column":67}},"312":{"start":{"line":313,"column":0},"end":{"line":313,"column":76}},"313":{"start":{"line":314,"column":0},"end":{"line":314,"column":63}},"314":{"start":{"line":315,"column":0},"end":{"line":315,"column":31}},"315":{"start":{"line":316,"column":0},"end":{"line":316,"column":31}},"316":{"start":{"line":317,"column":0},"end":{"line":317,"column":31}},"317":{"start":{"line":318,"column":0},"end":{"line":318,"column":22}},"318":{"start":{"line":319,"column":0},"end":{"line":319,"column":17}},"319":{"start":{"line":320,"column":0},"end":{"line":320,"column":54}},"320":{"start":{"line":321,"column":0},"end":{"line":321,"column":29}},"321":{"start":{"line":322,"column":0},"end":{"line":322,"column":53}},"322":{"start":{"line":323,"column":0},"end":{"line":323,"column":57}},"323":{"start":{"line":324,"column":0},"end":{"line":324,"column":57}},"324":{"start":{"line":325,"column":0},"end":{"line":325,"column":24}},"325":{"start":{"line":326,"column":0},"end":{"line":326,"column":46}},"326":{"start":{"line":327,"column":0},"end":{"line":327,"column":50}},"327":{"start":{"line":328,"column":0},"end":{"line":328,"column":50}},"328":{"start":{"line":329,"column":0},"end":{"line":329,"column":17}},"329":{"start":{"line":330,"column":0},"end":{"line":330,"column":13}},"330":{"start":{"line":331,"column":0},"end":{"line":331,"column":16}},"331":{"start":{"line":332,"column":0},"end":{"line":332,"column":17}},"332":{"start":{"line":333,"column":0},"end":{"line":333,"column":39}},"333":{"start":{"line":334,"column":0},"end":{"line":334,"column":50}},"334":{"start":{"line":335,"column":0},"end":{"line":335,"column":32}},"335":{"start":{"line":336,"column":0},"end":{"line":336,"column":15}},"336":{"start":{"line":337,"column":0},"end":{"line":337,"column":49}},"337":{"start":{"line":338,"column":0},"end":{"line":338,"column":39}},"338":{"start":{"line":339,"column":0},"end":{"line":339,"column":43}},"339":{"start":{"line":340,"column":0},"end":{"line":340,"column":18}},"340":{"start":{"line":341,"column":0},"end":{"line":341,"column":20}},"341":{"start":{"line":342,"column":0},"end":{"line":342,"column":59}},"342":{"start":{"line":343,"column":0},"end":{"line":343,"column":46}},"343":{"start":{"line":344,"column":0},"end":{"line":344,"column":19}},"344":{"start":{"line":345,"column":0},"end":{"line":345,"column":76}},"345":{"start":{"line":346,"column":0},"end":{"line":346,"column":31}},"346":{"start":{"line":347,"column":0},"end":{"line":347,"column":31}},"347":{"start":{"line":348,"column":0},"end":{"line":348,"column":31}},"348":{"start":{"line":349,"column":0},"end":{"line":349,"column":22}},"349":{"start":{"line":350,"column":0},"end":{"line":350,"column":17}},"350":{"start":{"line":351,"column":0},"end":{"line":351,"column":67}},"352":{"start":{"line":353,"column":0},"end":{"line":353,"column":29}},"353":{"start":{"line":354,"column":0},"end":{"line":354,"column":66}},"354":{"start":{"line":355,"column":0},"end":{"line":355,"column":70}},"355":{"start":{"line":356,"column":0},"end":{"line":356,"column":70}},"356":{"start":{"line":357,"column":0},"end":{"line":357,"column":24}},"357":{"start":{"line":358,"column":0},"end":{"line":358,"column":59}},"358":{"start":{"line":359,"column":0},"end":{"line":359,"column":63}},"359":{"start":{"line":360,"column":0},"end":{"line":360,"column":63}},"360":{"start":{"line":361,"column":0},"end":{"line":361,"column":17}},"362":{"start":{"line":363,"column":0},"end":{"line":363,"column":41}},"363":{"start":{"line":364,"column":0},"end":{"line":364,"column":20}},"364":{"start":{"line":365,"column":0},"end":{"line":365,"column":44}},"365":{"start":{"line":366,"column":0},"end":{"line":366,"column":66}},"366":{"start":{"line":367,"column":0},"end":{"line":367,"column":19}},"367":{"start":{"line":368,"column":0},"end":{"line":368,"column":43}},"368":{"start":{"line":369,"column":0},"end":{"line":369,"column":63}},"369":{"start":{"line":370,"column":0},"end":{"line":370,"column":46}},"370":{"start":{"line":371,"column":0},"end":{"line":371,"column":26}},"371":{"start":{"line":372,"column":0},"end":{"line":372,"column":45}},"372":{"start":{"line":373,"column":0},"end":{"line":373,"column":44}},"373":{"start":{"line":374,"column":0},"end":{"line":374,"column":69}},"374":{"start":{"line":375,"column":0},"end":{"line":375,"column":54}},"375":{"start":{"line":376,"column":0},"end":{"line":376,"column":31}},"376":{"start":{"line":377,"column":0},"end":{"line":377,"column":32}},"377":{"start":{"line":378,"column":0},"end":{"line":378,"column":75}},"378":{"start":{"line":379,"column":0},"end":{"line":379,"column":17}},"380":{"start":{"line":381,"column":0},"end":{"line":381,"column":60}},"381":{"start":{"line":382,"column":0},"end":{"line":382,"column":72}},"382":{"start":{"line":383,"column":0},"end":{"line":383,"column":70}},"383":{"start":{"line":384,"column":0},"end":{"line":384,"column":17}},"384":{"start":{"line":385,"column":0},"end":{"line":385,"column":13}},"385":{"start":{"line":386,"column":0},"end":{"line":386,"column":9}},"388":{"start":{"line":389,"column":0},"end":{"line":389,"column":27}},"389":{"start":{"line":390,"column":0},"end":{"line":390,"column":46}},"390":{"start":{"line":391,"column":0},"end":{"line":391,"column":48}},"391":{"start":{"line":392,"column":0},"end":{"line":392,"column":22}},"393":{"start":{"line":394,"column":0},"end":{"line":394,"column":63}},"394":{"start":{"line":395,"column":0},"end":{"line":395,"column":60}},"395":{"start":{"line":396,"column":0},"end":{"line":396,"column":55}},"397":{"start":{"line":398,"column":0},"end":{"line":398,"column":42}},"398":{"start":{"line":399,"column":0},"end":{"line":399,"column":20}},"400":{"start":{"line":401,"column":0},"end":{"line":401,"column":74}},"402":{"start":{"line":403,"column":0},"end":{"line":403,"column":47}},"403":{"start":{"line":404,"column":0},"end":{"line":404,"column":24}},"404":{"start":{"line":405,"column":0},"end":{"line":405,"column":55}},"405":{"start":{"line":406,"column":0},"end":{"line":406,"column":18}},"406":{"start":{"line":407,"column":0},"end":{"line":407,"column":13}},"407":{"start":{"line":408,"column":0},"end":{"line":408,"column":9}},"409":{"start":{"line":410,"column":0},"end":{"line":410,"column":67}},"411":{"start":{"line":412,"column":0},"end":{"line":412,"column":12}},"412":{"start":{"line":413,"column":0},"end":{"line":413,"column":33}},"413":{"start":{"line":414,"column":0},"end":{"line":414,"column":40}},"414":{"start":{"line":415,"column":0},"end":{"line":415,"column":36}},"415":{"start":{"line":416,"column":0},"end":{"line":416,"column":11}},"416":{"start":{"line":417,"column":0},"end":{"line":417,"column":67}},"418":{"start":{"line":419,"column":0},"end":{"line":419,"column":60}},"419":{"start":{"line":420,"column":0},"end":{"line":420,"column":49}},"420":{"start":{"line":421,"column":0},"end":{"line":421,"column":39}},"421":{"start":{"line":422,"column":0},"end":{"line":422,"column":57}},"422":{"start":{"line":423,"column":0},"end":{"line":423,"column":73}},"423":{"start":{"line":424,"column":0},"end":{"line":424,"column":41}},"424":{"start":{"line":425,"column":0},"end":{"line":425,"column":67}},"425":{"start":{"line":426,"column":0},"end":{"line":426,"column":21}},"426":{"start":{"line":427,"column":0},"end":{"line":427,"column":17}},"427":{"start":{"line":428,"column":0},"end":{"line":428,"column":36}},"428":{"start":{"line":429,"column":0},"end":{"line":429,"column":47}},"429":{"start":{"line":430,"column":0},"end":{"line":430,"column":66}},"430":{"start":{"line":431,"column":0},"end":{"line":431,"column":28}},"431":{"start":{"line":432,"column":0},"end":{"line":432,"column":60}},"432":{"start":{"line":433,"column":0},"end":{"line":433,"column":13}},"434":{"start":{"line":435,"column":0},"end":{"line":435,"column":13}},"435":{"start":{"line":436,"column":0},"end":{"line":436,"column":54}},"436":{"start":{"line":437,"column":0},"end":{"line":437,"column":55}},"437":{"start":{"line":438,"column":0},"end":{"line":438,"column":33}},"438":{"start":{"line":439,"column":0},"end":{"line":439,"column":9}},"440":{"start":{"line":441,"column":0},"end":{"line":441,"column":67}},"442":{"start":{"line":443,"column":0},"end":{"line":443,"column":16}},"443":{"start":{"line":444,"column":0},"end":{"line":444,"column":38}},"444":{"start":{"line":445,"column":0},"end":{"line":445,"column":56}},"445":{"start":{"line":446,"column":0},"end":{"line":446,"column":10}},"446":{"start":{"line":447,"column":0},"end":{"line":447,"column":5}},"448":{"start":{"line":449,"column":0},"end":{"line":449,"column":28}},"449":{"start":{"line":450,"column":0},"end":{"line":450,"column":33}},"450":{"start":{"line":451,"column":0},"end":{"line":451,"column":41}},"451":{"start":{"line":452,"column":0},"end":{"line":452,"column":9}},"452":{"start":{"line":453,"column":0},"end":{"line":453,"column":33}},"453":{"start":{"line":454,"column":0},"end":{"line":454,"column":41}},"454":{"start":{"line":455,"column":0},"end":{"line":455,"column":9}},"456":{"start":{"line":457,"column":0},"end":{"line":457,"column":33}},"457":{"start":{"line":458,"column":0},"end":{"line":458,"column":57}},"458":{"start":{"line":459,"column":0},"end":{"line":459,"column":50}},"459":{"start":{"line":460,"column":0},"end":{"line":460,"column":50}},"460":{"start":{"line":461,"column":0},"end":{"line":461,"column":38}},"461":{"start":{"line":462,"column":0},"end":{"line":462,"column":9}},"463":{"start":{"line":464,"column":0},"end":{"line":464,"column":40}},"464":{"start":{"line":465,"column":0},"end":{"line":465,"column":5}},"465":{"start":{"line":466,"column":0},"end":{"line":466,"column":1}}},"s":{"0":1,"2":1,"7":1,"11":1,"14":1,"15":1,"16":1,"18":1,"19":9,"20":9,"21":9,"22":9,"23":9,"24":9,"25":9,"26":9,"27":9,"29":9,"30":9,"31":9,"32":9,"33":9,"34":9,"35":9,"36":9,"38":9,"39":9,"40":9,"41":9,"42":9,"43":9,"44":9,"45":9,"46":9,"62":9,"112":9,"113":9,"114":9,"115":9,"117":9,"118":9,"119":9,"121":1,"122":1,"123":1,"124":1,"125":1,"126":0,"127":0,"128":0,"129":0,"130":0,"132":1,"133":1,"134":2,"135":2,"136":1,"137":0,"138":0,"139":0,"141":1,"142":1,"144":1,"145":1,"146":1,"147":1,"148":1,"149":1,"150":1,"151":1,"152":1,"153":1,"155":1,"158":1,"160":1,"161":2,"162":2,"163":2,"164":2,"166":2,"167":1,"168":1,"169":1,"170":1,"171":1,"172":2,"173":2,"174":2,"175":2,"177":1,"178":1,"179":1,"180":1,"181":1,"182":1,"183":1,"184":1,"185":1,"186":1,"187":1,"188":1,"190":1,"192":1,"193":1,"194":1,"196":1,"197":1,"198":1,"199":1,"200":1,"202":1,"203":1,"204":1,"205":1,"206":1,"207":1,"208":1,"209":1,"210":1,"212":1,"213":1,"214":1,"216":1,"217":1,"218":1,"219":1,"221":1,"222":0,"223":0,"224":0,"225":0,"226":0,"228":1,"229":11,"230":5,"231":5,"232":11,"233":6,"234":6,"235":4,"236":4,"237":6,"238":11,"240":1,"241":1,"242":1,"244":1,"245":0,"246":0,"247":0,"248":0,"249":0,"250":0,"251":0,"252":0,"253":0,"254":0,"255":0,"256":0,"257":0,"258":0,"259":0,"260":0,"261":0,"265":0,"266":0,"267":0,"268":0,"269":0,"270":0,"271":0,"272":0,"273":0,"274":0,"275":0,"276":0,"278":0,"279":0,"280":0,"281":0,"282":0,"283":0,"285":0,"286":0,"287":0,"288":0,"290":0,"291":0,"293":0,"294":0,"295":0,"297":0,"298":0,"300":0,"302":0,"303":0,"304":0,"305":0,"306":0,"307":0,"309":0,"310":0,"311":0,"312":0,"313":0,"314":0,"315":0,"316":0,"317":0,"318":0,"319":0,"320":0,"321":0,"322":0,"323":0,"324":0,"325":0,"326":0,"327":0,"328":0,"329":0,"330":0,"331":0,"332":0,"333":0,"334":0,"335":0,"336":0,"337":0,"338":0,"339":0,"340":0,"341":0,"342":0,"343":0,"344":0,"345":0,"346":0,"347":0,"348":0,"349":0,"350":0,"352":0,"353":0,"354":0,"355":0,"356":0,"357":0,"358":0,"359":0,"360":0,"362":0,"363":0,"364":0,"365":0,"366":0,"367":0,"368":0,"369":0,"370":0,"371":0,"372":0,"373":0,"374":0,"375":0,"376":0,"377":0,"378":0,"380":0,"381":0,"382":0,"383":0,"384":0,"385":0,"388":0,"389":0,"390":0,"391":0,"393":0,"394":0,"395":0,"397":0,"398":0,"400":0,"402":0,"403":0,"404":0,"405":0,"406":0,"407":0,"409":0,"411":0,"412":0,"413":0,"414":0,"415":0,"416":0,"418":0,"419":0,"420":0,"421":0,"422":0,"423":0,"424":0,"425":0,"426":0,"427":0,"428":0,"429":0,"430":0,"431":0,"432":0,"434":0,"435":0,"436":0,"437":0,"438":0,"440":0,"442":0,"443":0,"444":0,"445":0,"446":0,"448":1,"449":0,"450":0,"451":0,"452":0,"453":0,"454":0,"456":0,"457":0,"458":0,"459":0,"460":0,"461":0,"463":0,"464":0,"465":1},"branchMap":{"0":{"type":"branch","line":19,"loc":{"start":{"line":19,"column":4},"end":{"line":120,"column":5}},"locations":[{"start":{"line":19,"column":4},"end":{"line":120,"column":5}}]},"1":{"type":"branch","line":122,"loc":{"start":{"line":122,"column":11},"end":{"line":220,"column":5}},"locations":[{"start":{"line":122,"column":11},"end":{"line":220,"column":5}}]},"2":{"type":"branch","line":126,"loc":{"start":{"line":126,"column":32},"end":{"line":131,"column":9}},"locations":[{"start":{"line":126,"column":32},"end":{"line":131,"column":9}}]},"3":{"type":"branch","line":134,"loc":{"start":{"line":134,"column":51},"end":{"line":136,"column":9}},"locations":[{"start":{"line":134,"column":51},"end":{"line":136,"column":9}}]},"4":{"type":"branch","line":137,"loc":{"start":{"line":137,"column":53},"end":{"line":140,"column":9}},"locations":[{"start":{"line":137,"column":53},"end":{"line":140,"column":9}}]},"5":{"type":"branch","line":152,"loc":{"start":{"line":152,"column":30},"end":{"line":152,"column":45}},"locations":[{"start":{"line":152,"column":30},"end":{"line":152,"column":45}}]},"6":{"type":"branch","line":153,"loc":{"start":{"line":153,"column":30},"end":{"line":153,"column":45}},"locations":[{"start":{"line":153,"column":30},"end":{"line":153,"column":45}}]},"7":{"type":"branch","line":154,"loc":{"start":{"line":154,"column":30},"end":{"line":154,"column":45}},"locations":[{"start":{"line":154,"column":30},"end":{"line":154,"column":45}}]},"8":{"type":"branch","line":161,"loc":{"start":{"line":161,"column":58},"end":{"line":176,"column":9}},"locations":[{"start":{"line":161,"column":58},"end":{"line":176,"column":9}}]},"9":{"type":"branch","line":167,"loc":{"start":{"line":167,"column":32},"end":{"line":172,"column":13}},"locations":[{"start":{"line":167,"column":32},"end":{"line":172,"column":13}}]},"10":{"type":"branch","line":191,"loc":{"start":{"line":191,"column":40},"end":{"line":191,"column":47}},"locations":[{"start":{"line":191,"column":40},"end":{"line":191,"column":47}}]},"11":{"type":"branch","line":229,"loc":{"start":{"line":229,"column":11},"end":{"line":239,"column":5}},"locations":[{"start":{"line":229,"column":11},"end":{"line":239,"column":5}}]},"12":{"type":"branch","line":230,"loc":{"start":{"line":230,"column":22},"end":{"line":230,"column":51}},"locations":[{"start":{"line":230,"column":22},"end":{"line":230,"column":51}}]},"13":{"type":"branch","line":230,"loc":{"start":{"line":230,"column":51},"end":{"line":233,"column":15}},"locations":[{"start":{"line":230,"column":51},"end":{"line":233,"column":15}}]},"14":{"type":"branch","line":233,"loc":{"start":{"line":233,"column":8},"end":{"line":238,"column":9}},"locations":[{"start":{"line":233,"column":8},"end":{"line":238,"column":9}}]},"15":{"type":"branch","line":235,"loc":{"start":{"line":235,"column":36},"end":{"line":237,"column":13}},"locations":[{"start":{"line":235,"column":36},"end":{"line":237,"column":13}}]},"16":{"type":"branch","line":241,"loc":{"start":{"line":241,"column":11},"end":{"line":243,"column":5}},"locations":[{"start":{"line":241,"column":11},"end":{"line":243,"column":5}}]}},"b":{"0":[9],"1":[1],"2":[0],"3":[2],"4":[0],"5":[0],"6":[0],"7":[0],"8":[2],"9":[1],"10":[0],"11":[11],"12":[6],"13":[5],"14":[6],"15":[4],"16":[1]},"fnMap":{"0":{"name":"Heatmap","decl":{"start":{"line":19,"column":4},"end":{"line":120,"column":5}},"loc":{"start":{"line":19,"column":4},"end":{"line":120,"column":5}},"line":19},"1":{"name":"generateClusters","decl":{"start":{"line":122,"column":11},"end":{"line":220,"column":5}},"loc":{"start":{"line":122,"column":11},"end":{"line":220,"column":5}},"line":122},"2":{"name":"updateBaseSize","decl":{"start":{"line":222,"column":11},"end":{"line":227,"column":5}},"loc":{"start":{"line":222,"column":11},"end":{"line":227,"column":5}},"line":222},"3":{"name":"setLOD","decl":{"start":{"line":229,"column":11},"end":{"line":239,"column":5}},"loc":{"start":{"line":229,"column":11},"end":{"line":239,"column":5}},"line":229},"4":{"name":"clearPositionsCache","decl":{"start":{"line":241,"column":11},"end":{"line":243,"column":5}},"loc":{"start":{"line":241,"column":11},"end":{"line":243,"column":5}},"line":241},"5":{"name":"updatePoints","decl":{"start":{"line":245,"column":4},"end":{"line":447,"column":5}},"loc":{"start":{"line":245,"column":4},"end":{"line":447,"column":5}},"line":245},"6":{"name":"dispose","decl":{"start":{"line":449,"column":11},"end":{"line":465,"column":5}},"loc":{"start":{"line":449,"column":11},"end":{"line":465,"column":5}},"line":449}},"f":{"0":9,"1":1,"2":0,"3":11,"4":1,"5":0,"6":0}}
,"/home/alejandro/dev/quvis-web/src/Legend.ts": {"path":"/home/alejandro/dev/quvis-web/src/Legend.ts","all":true,"statementMap":{"0":{"start":{"line":1,"column":0},"end":{"line":1,"column":43}},"2":{"start":{"line":3,"column":0},"end":{"line":3,"column":28}},"6":{"start":{"line":7,"column":0},"end":{"line":7,"column":43}},"14":{"start":{"line":15,"column":0},"end":{"line":15,"column":63}},"15":{"start":{"line":16,"column":0},"end":{"line":16,"column":39}},"16":{"start":{"line":17,"column":0},"end":{"line":17,"column":47}},"17":{"start":{"line":18,"column":0},"end":{"line":18,"column":67}},"19":{"start":{"line":20,"column":0},"end":{"line":20,"column":30}},"20":{"start":{"line":21,"column":0},"end":{"line":21,"column":25}},"21":{"start":{"line":22,"column":0},"end":{"line":22,"column":117}},"22":{"start":{"line":23,"column":0},"end":{"line":23,"column":14}},"23":{"start":{"line":24,"column":0},"end":{"line":24,"column":59}},"24":{"start":{"line":25,"column":0},"end":{"line":25,"column":73}},"25":{"start":{"line":26,"column":0},"end":{"line":26,"column":50}},"26":{"start":{"line":27,"column":0},"end":{"line":27,"column":39}},"27":{"start":{"line":28,"column":0},"end":{"line":28,"column":16}},"28":{"start":{"line":29,"column":0},"end":{"line":29,"column":31}},"29":{"start":{"line":30,"column":0},"end":{"line":30,"column":38}},"30":{"start":{"line":31,"column":0},"end":{"line":31,"column":9}},"31":{"start":{"line":32,"column":0},"end":{"line":32,"column":5}},"33":{"start":{"line":34,"column":0},"end":{"line":34,"column":27}},"34":{"start":{"line":35,"column":0},"end":{"line":35,"column":46}},"35":{"start":{"line":36,"column":0},"end":{"line":36,"column":66}},"36":{"start":{"line":37,"column":0},"end":{"line":37,"column":50}},"37":{"start":{"line":38,"column":0},"end":{"line":38,"column":62}},"38":{"start":{"line":39,"column":0},"end":{"line":39,"column":47}},"39":{"start":{"line":40,"column":0},"end":{"line":40,"column":57}},"40":{"start":{"line":41,"column":0},"end":{"line":41,"column":48}},"41":{"start":{"line":42,"column":0},"end":{"line":42,"column":47}},"42":{"start":{"line":43,"column":0},"end":{"line":43,"column":34}},"43":{"start":{"line":44,"column":0},"end":{"line":44,"column":5}},"45":{"start":{"line":46,"column":0},"end":{"line":46,"column":18}},"46":{"start":{"line":47,"column":0},"end":{"line":47,"column":33}},"47":{"start":{"line":48,"column":0},"end":{"line":48,"column":40}},"48":{"start":{"line":49,"column":0},"end":{"line":49,"column":47}},"49":{"start":{"line":50,"column":0},"end":{"line":50,"column":13}},"50":{"start":{"line":51,"column":0},"end":{"line":51,"column":12}},"51":{"start":{"line":52,"column":0},"end":{"line":52,"column":30}},"52":{"start":{"line":53,"column":0},"end":{"line":53,"column":74}},"53":{"start":{"line":54,"column":0},"end":{"line":54,"column":11}},"54":{"start":{"line":55,"column":0},"end":{"line":55,"column":76}},"55":{"start":{"line":56,"column":0},"end":{"line":56,"column":32}},"56":{"start":{"line":57,"column":0},"end":{"line":57,"column":47}},"57":{"start":{"line":58,"column":0},"end":{"line":58,"column":81}},"58":{"start":{"line":59,"column":0},"end":{"line":59,"column":20}},"60":{"start":{"line":61,"column":0},"end":{"line":61,"column":23}},"61":{"start":{"line":62,"column":0},"end":{"line":62,"column":13}},"62":{"start":{"line":63,"column":0},"end":{"line":63,"column":9}},"65":{"start":{"line":66,"column":0},"end":{"line":66,"column":12}},"66":{"start":{"line":67,"column":0},"end":{"line":67,"column":33}},"67":{"start":{"line":68,"column":0},"end":{"line":68,"column":36}},"68":{"start":{"line":69,"column":0},"end":{"line":69,"column":36}},"69":{"start":{"line":70,"column":0},"end":{"line":70,"column":35}},"70":{"start":{"line":71,"column":0},"end":{"line":71,"column":32}},"71":{"start":{"line":72,"column":0},"end":{"line":72,"column":11}},"74":{"start":{"line":75,"column":0},"end":{"line":75,"column":28}},"75":{"start":{"line":76,"column":0},"end":{"line":76,"column":69}},"76":{"start":{"line":77,"column":0},"end":{"line":77,"column":9}},"78":{"start":{"line":79,"column":0},"end":{"line":79,"column":20}},"79":{"start":{"line":80,"column":0},"end":{"line":80,"column":207}},"80":{"start":{"line":81,"column":0},"end":{"line":81,"column":10}},"81":{"start":{"line":82,"column":0},"end":{"line":82,"column":32}},"83":{"start":{"line":84,"column":0},"end":{"line":84,"column":24}},"84":{"start":{"line":85,"column":0},"end":{"line":85,"column":122}},"85":{"start":{"line":86,"column":0},"end":{"line":86,"column":14}},"86":{"start":{"line":87,"column":0},"end":{"line":87,"column":9}},"88":{"start":{"line":89,"column":0},"end":{"line":89,"column":38}},"89":{"start":{"line":90,"column":0},"end":{"line":90,"column":43}},"90":{"start":{"line":91,"column":0},"end":{"line":91,"column":54}},"91":{"start":{"line":92,"column":0},"end":{"line":92,"column":16}},"92":{"start":{"line":93,"column":0},"end":{"line":93,"column":89}},"93":{"start":{"line":94,"column":0},"end":{"line":94,"column":9}},"95":{"start":{"line":96,"column":0},"end":{"line":96,"column":39}},"96":{"start":{"line":97,"column":0},"end":{"line":97,"column":39}},"97":{"start":{"line":98,"column":0},"end":{"line":98,"column":74}},"98":{"start":{"line":99,"column":0},"end":{"line":99,"column":20}},"101":{"start":{"line":102,"column":0},"end":{"line":102,"column":42}},"102":{"start":{"line":103,"column":0},"end":{"line":103,"column":46}},"103":{"start":{"line":104,"column":0},"end":{"line":104,"column":91}},"104":{"start":{"line":105,"column":0},"end":{"line":105,"column":124}},"105":{"start":{"line":106,"column":0},"end":{"line":106,"column":16}},"106":{"start":{"line":107,"column":0},"end":{"line":107,"column":73}},"107":{"start":{"line":108,"column":0},"end":{"line":108,"column":9}},"109":{"start":{"line":110,"column":0},"end":{"line":110,"column":28}},"110":{"start":{"line":111,"column":0},"end":{"line":111,"column":31}},"112":{"start":{"line":113,"column":0},"end":{"line":113,"column":58}},"114":{"start":{"line":115,"column":0},"end":{"line":115,"column":44}},"115":{"start":{"line":116,"column":0},"end":{"line":116,"column":52}},"118":{"start":{"line":119,"column":0},"end":{"line":119,"column":61}},"119":{"start":{"line":120,"column":0},"end":{"line":120,"column":49}},"120"
[...]
,"/home/alejandro/dev/quvis-web/venv/lib/python3.12/site-packages/matplotlib/backends/web_backend/js/nbagg_mpl.js": {"path":"/home/alejandro/dev/quvis-web/venv/lib/python3.12/site-packages/matplotlib/backends/web_backend/js/nbagg_mpl.js","all":true,"statementMap":{"0":{"start":{"line":1,"column":0},"end":{"line":1,"column":16}},"2":{"start":{"line":3,"column":0},"end":{"line":3,"column":46}},"3":{"start":{"line":4,"column":0},"end":{"line":4,"column":74}},"4":{"start":{"line":5,"column":0},"end":{"line":5,"column":74}},"5":{"start":{"line":6,"column":0},"end":{"line":6,"column":66}},"6":{"start":{"line":7,"column":0},"end":{"line":7,"column":16}},"8":{"start":{"line":9,"column":0},"end":{"line":9,"column":46}},"9":{"start":{"line":10,"column":0},"end":{"line":10,"column":46}},"10":{"start":{"line":11,"column":0},"end":{"line":11,"column":39}},"11":{"start":{"line":12,"column":0},"end":{"line":12,"column":29}},"12":{"start":{"line":13,"column":0},"end":{"line":13,"column":54}},"13":{"start":{"line":14,"column":0},"end":{"line":14,"column":16}},"14":{"start":{"line":15,"column":0},"end":{"line":15,"column":47}},"15":{"start":{"line":16,"column":0},"end":{"line":16,"column":9}},"16":{"start":{"line":17,"column":0},"end":{"line":17,"column":5}},"17":{"start":{"line":18,"column":0},"end":{"line":18,"column":62}},"18":{"start":{"line":19,"column":0},"end":{"line":19,"column":63}},"19":{"start":{"line":20,"column":0},"end":{"line":20,"column":63}},"21":{"start":{"line":22,"column":0},"end":{"line":22,"column":28}},"22":{"start":{"line":23,"column":0},"end":{"line":23,"column":21}},"23":{"start":{"line":24,"column":0},"end":{"line":24,"column":6}},"24":{"start":{"line":25,"column":0},"end":{"line":25,"column":28}},"25":{"start":{"line":26,"column":0},"end":{"line":26,"column":36}},"26":{"start":{"line":27,"column":0},"end":{"line":27,"column":21}},"27":{"start":{"line":28,"column":0},"end":{"line":28,"column":6}},"28":{"start":{"line":29,"column":0},"end":{"line":29,"column":41}},"29":{"start":{"line":30,"column":0},"end":{"line":30,"column":32}},"30":{"start":{"line":31,"column":0},"end":{"line":31,"column":64}},"31":{"start":{"line":32,"column":0},"end":{"line":32,"column":42}},"32":{"start":{"line":33,"column":0},"end":{"line":33,"column":41}},"33":{"start":{"line":34,"column":0},"end":{"line":34,"column":20}},"34":{"start":{"line":35,"column":0},"end":{"line":35,"column":71}},"35":{"start":{"line":36,"column":0},"end":{"line":36,"column":14}},"36":{"start":{"line":37,"column":0},"end":{"line":37,"column":9}},"37":{"start":{"line":38,"column":0},"end":{"line":38,"column":76}},"38":{"start":{"line":39,"column":0},"end":{"line":39,"column":27}},"39":{"start":{"line":40,"column":0},"end":{"line":40,"column":7}},"40":{"start":{"line":41,"column":0},"end":{"line":41,"column":14}},"41":{"start":{"line":42,"column":0},"end":{"line":42,"column":2}},"43":{"start":{"line":44,"column":0},"end":{"line":44,"column":44}},"44":{"start":{"line":45,"column":0},"end":{"line":45,"column":66}},"45":{"start":{"line":46,"column":0},"end":{"line":46,"column":66}},"47":{"start":{"line":48,"column":0},"end":{"line":48,"column":33}},"48":{"start":{"line":49,"column":0},"end":{"line":49,"column":68}},"49":{"start":{"line":50,"column":0},"end":{"line":50,"column":35}},"50":{"start":{"line":51,"column":0},"end":{"line":51,"column":46}},"51":{"start":{"line":52,"column":0},"end":{"line":52,"column":48}},"53":{"start":{"line":54,"column":0},"end":{"line":54,"column":42}},"54":{"start":{"line":55,"column":0},"end":{"line":55,"column":47}},"55":{"start":{"line":56,"column":0},"end":{"line":56,"column":5}},"57":{"start":{"line":58,"column":0},"end":{"line":58,"column":64}},"59":{"start":{"line":60,"column":0},"end":{"line":60,"column":79}},"60":{"start":{"line":61,"column":0},"end":{"line":61,"column":70}},"61":{"start":{"line":62,"column":0},"end":{"line":62,"column":22}},"63":{"start":{"line":64,"column":0},"end":{"line":64,"column":33}},"64":{"start":{"line":65,"column":0},"end":{"line":65,"column":72}},"65":{"start":{"line":66,"column":0},"end":{"line":66,"column":25}},"66":{"start":{"line":67,"column":0},"end":{"line":67,"column":65}},"67":{"start":{"line":68,"column":0},"end":{"line":68,"column":15}},"68":{"start":{"line":69,"column":0},"end":{"line":69,"column":5}},"69":{"start":{"line":70,"column":0},"end":{"line":70,"column":44}},"70":{"start":{"line":71,"column":0},"end":{"line":71,"column":18}},"71":{"start":{"line":72,"column":0},"end":{"line":72,"column":21}},"72":{"start":{"line":73,"column":0},"end":{"line":73,"column":31}},"73":{"start":{"line":74,"column":0},"end":{"line":74,"column":6}},"74":{"start":{"line":75,"column":0},"end":{"line":75,"column":2}},"76":{"start":{"line":77,"column":0},"end":{"line":77,"column":57}},"77":{"start":{"line":78,"column":0},"end":{"line":78,"column":45}},"78":{"start":{"line":79,"column":0},"end":{"line":79,"column":45}},"79":{"start":{"line":80,"column":0},"end":{"line":80,"column":18}},"80":{"start":{"line":81,"column":0},"end":{"line":81,"column":31}},"81":{"start":{"line":82,"column":0},"end":{"line":82,"column":6}},"82":{"start":{"line":83,"column":0},"end":{"line":83,"column":57}},"84":{"start":{"line":85,"column":0},"end":{"line":85,"column":70}},"85":{"start":{"line":86,"column":0},"end":{"line":86,"column":25}},"86":{"start":{"line":87,"column":0},"end":{"line":87,"column":41}},"87":{"start":{"line":88,"column":0},"end":{"line":88,"column":76}},"88":{"start":{"line":89,"column":0},"end":{"line":89,"column":44}},"89":{"start":{"line":90,"column":0},"end":{"line":90,"column":38}},"90":{"start":{"line":91,"column":0},"end":{"line":91,"column":34}},"91":{"start":{"line":92,"column":0},"end":{"line":92,"column":60}},"92":{"start":{"line":93,"column":0},"end":{"line":93,"column":27}},"93":{"start":{"line":94,"column":0},"end":{"line":94,"column":2}},"95":{"start":{"line":96,"column":0},"end":{"line":96,"column":53}},"96":{"start":{"line":97,"column":0},"end":{"line":97,"column":37}},"97":{"start":{"line":98,"column":0},"end":{"line":98,"column":21}},"98":{"start":{"line":99,"column":0},"end":{"line":99,"column":2}},"100":{"start":{"line":101,"column":0},"end":{"line":101,"column":70}},"101":{"start":{"line":102,"column":0},"end":{"line":102,"column":64}},"102":{"start":{"line":103,"column":0},"end":{"line":103,"column":47}},"103":{"start":{"line":104,"column":0},"end":{"line":104,"column":42}},"104":{"start":{"line":105,"column":0},"end":{"line":105,"column":36}},"105":{"start":{"line":106,"column":0},"end":{"line":106,"column":60}},"106":{"start":{"line":107,"column":0},"end":{"line":107,"column":2}},"108":{"start":{"line":109,"column":0},"end":{"line":109,"column":57}},"109":{"start":{"line":110,"column":0},"end":{"line":110,"column":59}},"110":{"start":{"line":111,"column":0},"end":{"line":111,"column":37}},"111":{"start":{"line":112,"column":0},"end":{"line":112,"column":33}},"112":{"start":{"line":113,"column":0},"end":{"line":113,"column":19}},"113":{"start":{"line":114,"column":0},"end":{"line":114,"column":59}},"114":{"start":{"line":115,"column":0},"end":{"line":115,"column":64}},"115":{"start":{"line":116,"column":0},"end":{"line":116,"column":28}},"116":{"start":{"line":117,"column":0},"end":{"line":117,"column":29}},"117":{"start":{"line":118,"column":0},"end":{"line":118,"column":13}},"118":{"start":{"line":119,"column":0},"end":{"line":119,"column":2}},"120":{"start":{"line":121,"column":0},"end":{"line":121,"column":50}},"121":{"start":{"line":122,"column":0},"end":{"line":122,"column":19}},"123":{"start":{"line":124,"column":0},"end":{"line":124,"column":48}},"124":{"start":{"line":125,"column":0},"end":{"line":125,"column":38}},"125":{"start":{"line":126,"column":0},"end":{"line":126,"column":35}},"127":{"start":{"line":128,"column":0},"end":{"line":128,"column":37}},"128":{"start":{"line":129,"column":0},"end":{"line":129,"column":34}},"129":{"start":{"line":130,"column":0},"end":{"line":130,"column":52}},"130":{"start":{"line":131,"column":0},"end":{"line":131,"column":10}},"131":{"start":{"line":132,"column":0},"end":{"line":132,"column":5}},"133":{"start":{"line":134,"column":0},"end":{"line":134,"column":44}},"134":{"start":{"line":135,"column":0},"end":{"line":135,"column":33}},"135":{"start":{"line":136,"column":0},"end":{"line":136,"column":48}},"136":{"start":{"line":137,"column":0},"end":{"line":137,"column":63}},"137":{"start":{"line":138,"column":0},"end":{"line":138,"column":13}},"138":{"start":{"line":139,"column":0},"end":{"line":139,"column":10}},"139":{"start":{"line":140,"column":0},"end":{"line":140,"column":5}},"141":{"start":{"line":142,"column":0},"end":{"line":142,"column":21}},"142":{"start":{"line":143,"column":0},"end":{"line":143,"column":52}},"143":{"start":{"line":144,"column":0},"end":{"line":144,"column":40}},"144":{"start":{"line":145,"column":0},"end":{"line":145,"column":15}},"145":{"start":{"line":146,"column":0},"end":{"line":146,"column":48}},"146":{"start":{"line":147,"column":0},"end":{"line":147,"column":53}},"147":{"start":{"line":148,"column":0},"end":{"line":148,"column":56}},"148":{"start":{"line":149,"column":0},"end":{"line":149,"column":54}},"149":{"start":{"line":150,"column":0},"end":{"line":150,"column":60}},"151":{"start":{"line":152,"column":0},"end":{"line":152,"column":20}},"152":{"start":{"line":153,"column":0},"end":{"line":153,"column":67}},"153":{"start":{"line":154,"column":0},"end":{"line":154,"column":46}},"154":{"start":{"line":155,"column":0},"end":{"line":155,"column":49}},"155":{"start":{"line":156,"column":0},"end":{"line":156,"column":13}},"156":{"start":{"line":157,"column":0},"end":{"line":157,"column":56}},"157":{"start":{"line":158,"column":0},"end":{"line":158,"column":48}},"158":{"start":{"line":159,"column":0},"end":{"line":159,"column":21}},"159":{"start":{"line":160,"column":0},"end":{"line":160,"column":9}},"161":{"start":{"line":162,"column":0},"end":{"line":162,"column":70}},"162":{"start":{"line":163,"column":0},"end":{"line":163,"column":45}},"163":{"start":{"line":164,"column":0},"end":{"line":164,"column":26}},"164":{"start":{"line":165,"column":0},"end":{"line":165,"column":28}},"165":{"start":{"line":166,"column":0},"end":{"line":166,"column":68}},"166":{"start":{"line":167,"column":0},"end":{"line":167,"column":72}},"167":{"start":{"line":168,"column":0},"end":{"line":168,"column":76}},"168":{"start":{"line":169,"column":0},"end":{"line":169,"column":40}},"169":{"start":{"line":170,"column":0},"end":{"line":170,"column":5}},"171":{"start":{"line":172,"column":0},"end":{"line":172,"column":38}},"172":{"start":{"line":173,"column":0},"end":{"line":173,"column":41}},"173":{"start":{"line":174,"column":0},"end":{"line":174,"column":5}},"175":{"start":{"line":176,"column":0},"end":{"line":176,"column":26}},"176":{"start":{"line":177,"column":0},"end":{"line":177,"column":52}},"177":{"start":{"line":178,"column":0},"end":{"line":178,"column":52}},"178":{"start":{"line":179,"column":0},"end":{"line":179,"column":36}},"179":{"start":{"line":180,"column":0},"end":{"line":180,"column":30}},"181":{"start":{"line":182,"column":0},"end":{"line":182,"column":42}},"182":{"start":{"line":183,"column":0},"end":{"line":183,"column":50}},"183":{"start":{"line":184,"column":0},"end":{"line":184,"column":56}},"184":{"start":{"line":185,"column":0},"end":{"line":185,"column":46}},"185":{"start":{"line":186,"column":0},"end":{"line":186,"column":50}},"186":{"start":{"line":187,"column":0},"end":{"line":187,"column":22}},"187":{"start":{"line":188,"column":0},"end":{"line":188,"column":38}},"188":{"start":{"line":189,"column":0},"end":{"line":189,"column":80}},"189":{"start":{"line":190,"column":0},"end":{"line":190,"column":54}},"190":{"start":{"line":191,"column":0},"end":{"line":191,"column":34}},"191":{"start":{"line":192,"column":0},"end":{"line":192,"column":7}},"192":{"start":{"line":193,"column":0},"end":{"line":193,"column":28}},"193":{"start":{"line":194,"column":0},"end":{"line":194,"column":20}},"194":{"start":{"line":195,"column":0},"end":{"line":195,"column":48}},"195":{"start":{"line":196,"column":0},"end":{"line":196,"column":6}},"196":{"start":{"line":197,"column":0},"end":{"line":197,"column":34}},"197":{"start":{"line":198,"column":0},"end":{"line":198,"column":66}},"198":{"start":{"line":199,"column":0},"end":{"line":199,"column":58}},"199":{"start":{"line":200,"column":0},"end":{"line":200,"column":2}},"201":{"start":{"line":202,"column":0},"end":{"line":202,"column":61}},"202":{"start":{"line":203,"column":0},"end":{"line":203,"column":29}},"203":{"start":{"line":204,"column":0},"end":{"line":204,"column":32}},"204":{"start":{"line":205,"column":0},"end":{"line":205,"column":47}},"205":{"start":{"line":206,"column":0},"end":{"line":206,"column":15}},"206":{"start":{"line":207,"column":0},"end":{"line":207,"column":5}},"207":{"start":{"line":208,"column":0},"end":{"line":208,"column":26}},"208":{"start":{"line":209,"column":0},"end":{"line":209,"column":2}},"210":{"start":{"line":211,"column":0},"end":{"line":211,"column":56}},"211":{"start":{"line":212,"column":0},"end":{"line":212,"column":83}},"212":{"start":{"line":213,"column":0},"end":{"line":213,"column":2}},"214":{"start":{"line":215,"column":0},"end":{"line":215,"column":58}},"215":{"start":{"line":216,"column":0},"end":{"line":216,"column":51}},"216":{"start":{"line":217,"column":0},"end":{"line":217,"column":35}},"217":{"start":{"line":218,"column":0},"end":{"line":218,"column":75}},"218":{"start":{"line":219,"column":0},"end":{"line":219,"column":34}},"220":{"start":{"line":221,"column":0},"end":{"line":221,"column":28}},"221":{"start":{"line":222,"column":0},"end":{"line":222,"column":44}},"222":{"start":{"line":223,"column":0},"end":{"line":223,"column":62}},"223":{"start":{"line":224,"column":0},"end":{"line":224,"column":12}},"224":{"start":{"line":225,"column":0},"end":{"line":225,"column":32}},"225":{"start":{"line":226,"column":0},"end":{"line":226,"column":53}},"226":{"start":{"line":227,"column":0},"end":{"line":227,"column":5}},"227":{"start":{"line":228,"column":0},"end":{"line":228,"column":2}},"229":{"start":{"line":230,"column":0},"end":{"line":230,"column":65}},"230":{"start":{"line":231,"column":0},"end":{"line":231,"column":28}},"231":{"start":{"line":232,"column":0},"end":{"line":232,"column":47}},"232":{"start":{"line":233,"column":0},"end":{"line":233,"column":31}},"233":{"start":{"line":234,"column":0},"end":{"line":234,"column":41}},"234":{"start":{"line":235,"column":0},"end":{"line":235,"column":72}},"235":{"start":{"line":236,"column":0},"end":{"line":236,"column":43}},"236":{"start":{"line":237,"column":0},"end":{"line":237,"column":5}},"237":{"start":{"line":238,"column":0},"end":{"line":238,"column":2}},"239":{"start":{"line":240,"column":0},"end":{"line":240,"column":57}},"240":{"start":{"line":241,"column":0},"end":{"line":241,"column":30}},"241":{"start":{"line":242,"column":0},"end":{"line":242,"column":2}},"243":{"start":{"line":244,"column":0},"end":{"line":244,"column":47}},"244":{"start":{"line":245,"column":0},"end":{"line":245,"column":88}},"245":{"start":{"line":246,"column":0},"end":{"line":246,"column":88}},"246":{"start":{"line":247,"column":0},"end":{"line":247,"column":86}},"247":{"start":{"line":248,"column":0},"end":{"line":248,"column":78}},"248":{"start":{"line":249,"column":0},"end":{"line":249,"column":45}},"249":{"start":{"line":250,"column":0},"end":{"line":250,"column":30}},"250":{"start":{"line":251,"column":0},"end":{"line":251,"column":38}},"251":{"start":{"line":252,"column":0},"end":{"line":252,"column":28}},"252":{"start":{"line":253,"column":0},"end":{"line":253,"column":40}},"253":{"start":{"line":254,"column":0},"end":{"line":254,"column":71}},"254":{"start":{"line":255,"column":0},"end":{"line":255,"column":55}},"255":{"start":{"line":256,"column":0},"end":{"line":256,"column":32}},"256":{"start":{"line":257,"column":0},"end":{"line":257,"column":80}},"257":{"start":{"line":258,"column":0},"end":{"line":258,"column":37}},"258":{"start":{"line":259,"column":0},"end":{"line":259,"column":17}},"259":{"start":{"line":260,"column":0},"end":{"line":260,"column":56}},"260":{"start":{"line":261,"column":0},"end":{"line":261,"column":43}},"261":{"start":{"line":262,"column":0},"end":{"line":262,"column":17}},"262":{"start":{"line":263,"column":0},"end":{"line":263,"column":13}},"263":{"start":{"line":264,"column":0},"end":{"line":264,"column":9}},"264":{"start":{"line":265,"column":0},"end":{"line":265,"column":5}},"265":{"start":{"line":266,"column":0},"end":{"line":266,"column":2}},"267":{"start":{"line":268,"column":0},"end":{"line":268,"column":72}},"268":{"start":{"line":269,"column":0},"end":{"line":269,"column":57}},"269":{"start":{"line":270,"column":0},"end":{"line":270,"column":39}},"270":{"start":{"line":271,"column":0},"end":{"line":271,"column":57}},"271":{"start":{"line":272,"column":0},"end":{"line":272,"column":21}},"272":{"start":{"line":273,"column":0},"end":{"line":273,"column":27}},"273":{"start":{"line":274,"column":0},"end":{"line":274,"column":6}},"274":{"start":{"line":275,"column":0},"end":{"line":275,"column":1}}},"s":{"0":0,"2":0,"3":0,"4":0,"5":0,"6":0,"8":0,"9":0,"10":0,"11":0,"12":0,"13":0,"14":0,"15":0,"16":0,"17":0,"18":0,"19":0,"21":0,"22":0,"23":0,"24":0,"25":0,"26":0,"27":0,"28":0,"29":0,"30":0,"31":0,"32":0,"33":0,"34":0,"35":0,"36":0,"37":0,"38":0,"39":0,"40":0,"41":0,"43":0,"44":0,"45":0,"47":0,"48":0,"49":0,"50":0,"51":0,"53":0,"54":0,"55":0,"57":0,"59":0,"60":0,"61":0,"63":0,"64":0,"65":0,"66":0,"67":0,"68":0,"69":0,"70":0,"71":0,"72":0,"73":0,"74":0,"76":0,"77":0,"78":0,"79":0,"80":0,"81":0,"82":0,"84":0,"85":0,"86":0,"87":0,"88":0,"89":0,"90":0,"91":0,"92":0,"93":0,"95":0,"96":0,"97":0,"98":0,"100":0,"101":0,"102":0,"103":0,"104":0,"105":0,"106":0,"108":0,"109":0,"110":0,"111":0,"112":0,"113":0,"114":0,"115":0,"116":0,"117":0,"118":0,"120":0,"121":0,"123":0,"124":0,"125":0,"127":0,"128":0,"129":0,"130":0,"131":0,"133":0,"134":0,"135":0,"136":0,"137":0,"138":0,"139":0,"141":0,"142":0,"143":0,"144":0,"145":0,"146":0,"147":0,"148":0,"149":0,"151":0,"152":0,"153":0,"154":0,"155":0,"156":0,"157":0,"158":0,"159":0,"161":0,"162":0,"163":0,"164":0,"165":0,"166":0,"167":0,"168":0,"169":0,"171":0,"172":0,"173":0,"175":0,"176":0,"177":0,"178":0,"179":0,"181":0,"182":0,"183":0,"184":0,"185":0,"186":0,"187":0,"188":0,"189":0,"190":0,"191":0,"192":0,"193":0,"194":0,"195":0,"196":0,"197":0,"198":0,"199":0,"201":0,"202":0,"203":0,"204":0,"205":0,"206":0,"207":0,"208":0,"210":0,"211":0,"212":0,"214":0,"215":0,"216":0,"217":0,"218":0,"220":0,"221":0,"222":0,"223":0,"224":0,"225":0,"226":0,"227":0,"229":0,"230":0,"231":0,"232":0,"233":0,"234":0,"235":0,"236":0,"237":0,"239":0,"240":0,"241":0,"243":0,"244":0,"245":0,"246":0,"247":0,"248":0,"249":0,"250":0,"251":0,"252":0,"253":0,"254":0,"255":0,"256":0,"257":0,"258":0,"259":0,"260":0,"261":0,"262":0,"263":0,"264":0,"265":0,"267":0,"268":0,"269":0,"270":0,"271":0,"272":0,"273":0,"274":0},"branchMap":{"0":{"type":"branch","line":1,"loc":{"start":{"line":1,"column":0},"end":{"line":275,"column":-5}},"locations":[{"start":{"line":1,"column":0},"end":{"line":275,"column":-5}}]}},"b":{"0":[0]},"fnMap":{"0":{"name":"(empty-report)","decl":{"start":{"line":1,"column":0},"end":{"line":275,"column":-5}},"loc":{"start":{"line":1,"column":0},"end":{"line":275,"column":-5}},"line":1}},"f":{"0":0}}
}
